#
# A fatal error has been detected by the Java Runtime Environment:
#
#  Internal Error (jvmciRuntime.cpp:1609), pid=29, tid=53
#  fatal error: Fatal exception in JVMCI: Error calling jdk.vm.ci.services.Services.serializeSavedProperties
#
# JRE version: OpenJDK Runtime Environment GraalVM CE 22.3.0 (17.0.5+8) (build 17.0.5+8-jvmci-22.3-b08)
# Java VM: OpenJDK 64-Bit Server VM GraalVM CE 22.3.0 (17.0.5+8-jvmci-22.3-b08, mixed mode, sharing, tiered, jvmci, jvmci compiler, compressed oops, compressed class ptrs, parallel gc, linux-amd64)
# Problematic frame:
# V  [libjvm.so+0x972714]  JVMCIRuntime::fatal_exception(JVMCIEnv*, char const*)+0x74
#
# Core dump will be written. Default location: Core dumps may be processed with "/usr/share/apport/apport -p%p -s%s -c%c -d%d -P%P -u%u -g%g -- %E" (or dumping to /home/runner/Assignment5/core.29)
#
# If you would like to submit a bug report, please visit:
#   https://github.com/oracle/graal/issues
#

---------------  S U M M A R Y ------------

Command Line: -XX:ThreadPriorityPolicy=1 -XX:+UnlockExperimentalVMOptions -XX:+EnableJVMCIProduct -XX:JVMCIThreadsPerNativeLibraryRuntime=1 -XX:-UnlockExperimentalVMOptions -Declipse.application=org.eclipse.jdt.ls.core.id1 -Dosgi.bundles.defaultStartLevel=4 -Declipse.product=org.eclipse.jdt.ls.core.product -Dlog.level=ALL -Xverify:none -XX:+UseParallelGC -XX:GCTimeRatio=4 -XX:AdaptiveSizePolicyWeight=90 -Dsun.zip.disableMemoryMapping=true -Xmx512m -Xms100m /nix/store/a7s9klvriqi68xz3qjc0qyfl5h86xc16-jdt-language-server-1.9.0/share/java/plugins/org.eclipse.equinox.launcher_1.6.400.v20210924-0641.jar --add-modules=ALL-SYSTEM --add-opens java.base/java.util=ALL-UNNAMED --add-opens java.base/java.lang=ALL-UNNAMED -configuration /home/runner/.cache/jdt-language-server/config -data /home/runner/.cache/jdt-language-server/data/home/runner/Assignment5

Host: Intel(R) Xeon(R) CPU @ 2.20GHz, 8 cores, 1G, Ubuntu 20.04.2 LTS
Time: Thu Sep 28 17:35:59 2023 UTC elapsed time: 2548.186287 seconds (0d 0h 42m 28s)

---------------  T H R E A D  ---------------

Current thread (0x00007f97f80b1c40):  JavaThread "JVMCI-native CompilerThread0" daemon [_thread_in_vm, id=53, stack(0x00007f97ddd18000,0x00007f97ddf18000)]


Current CompileTask:
JVMCI-native:2548186 8768       4       java.util.AbstractSet::<init> (5 bytes)

Stack: [0x00007f97ddd18000,0x00007f97ddf18000],  sp=0x00007f97ddf16380,  free space=2040k
Native frames: (J=compiled Java code, j=interpreted, Vv=VM code, C=native code)
V  [libjvm.so+0x972714]  JVMCIRuntime::fatal_exception(JVMCIEnv*, char const*)+0x74
V  [libjvm.so+0x93e2fe]  JVMCIEnv::copy_saved_properties()+0x14e
V  [libjvm.so+0x9732a9]  JVMCIRuntime::initialize(JVMCIEnv*)+0xb19
V  [libjvm.so+0x9738a2]  JVMCIRuntime::get_HotSpotJVMCIRuntime(JVMCIEnv*)+0x12
V  [libjvm.so+0x9749f2]  JVMCIRuntime::compile_method(JVMCIEnv*, JVMCICompiler*, methodHandle const&, int)+0xd2
V  [libjvm.so+0x5b0d20]  CompileBroker::invoke_compiler_on_method(CompileTask*)+0x1470
V  [libjvm.so+0x5b12e8]  CompileBroker::compiler_thread_loop()+0x528
V  [libjvm.so+0xd82460]  JavaThread::thread_main_inner()+0xd0
V  [libjvm.so+0xd85a40]  Thread::call_run()+0xc0
V  [libjvm.so+0xbdb1e1]  thread_native_entry(Thread*)+0xe1

Register to memory mapping:

RAX=0x00007f97fd9cb000 points into unknown readable memory: 0x0000000000000058 | 58 00 00 00 00 00 00 00
RBX=0x00007f97feac6398: <offset 0x0000000000ef5398> in /nix/store/gpxl5qgg8kicmcvivwmybwjlpf7wh20l-graalvm17-ce-22.3.0/lib/server/libjvm.so at 0x00007f97fdbd1000
RCX=0x00007f97fea7e1e8: <offset 0x0000000000ead1e8> in /nix/store/gpxl5qgg8kicmcvivwmybwjlpf7wh20l-graalvm17-ce-22.3.0/lib/server/libjvm.so at 0x00007f97fdbd1000
RDX=0x0000000000000649 is an unknown value
RSP=0x00007f97ddf16380 is pointing into the stack for thread: 0x00007f97f80b1c40
RBP=0x00007f97ddf163a0 is pointing into the stack for thread: 0x00007f97f80b1c40
RSI=0x00007f97feac6c48: <offset 0x0000000000ef5c48> in /nix/store/gpxl5qgg8kicmcvivwmybwjlpf7wh20l-graalvm17-ce-22.3.0/lib/server/libjvm.so at 0x00007f97fdbd1000
RDI=0x00000000e0000000 is an oop: [B 
{0x00000000e0000000} - klass: {type array byte}
 - length: 62
R8 =0x00007f97feac6398: <offset 0x0000000000ef5398> in /nix/store/gpxl5qgg8kicmcvivwmybwjlpf7wh20l-graalvm17-ce-22.3.0/lib/server/libjvm.so at 0x00007f97fdbd1000
R9 =0x0000000000000003 is an unknown value
R10=0x00007f97fee17da0: <offset 0x0000000001246da0> in /nix/store/gpxl5qgg8kicmcvivwmybwjlpf7wh20l-graalvm17-ce-22.3.0/lib/server/libjvm.so at 0x00007f97fdbd1000
R11=0x000000080044f048 is pointing into metadata
R12=0x0 is NULL
R13=0x00007f97f80b1c40 is a thread
R14=0x00007f97f8000b80 points into unknown readable memory: 0x00007f97fecf7a38 | 38 7a cf fe 97 7f 00 00
R15=0x00007f97fee05e40: <offset 0x0000000001234e40> in /nix/store/gpxl5qgg8kicmcvivwmybwjlpf7wh20l-graalvm17-ce-22.3.0/lib/server/libjvm.so at 0x00007f97fdbd1000


Registers:
RAX=0x00007f97fd9cb000, RBX=0x00007f97feac6398, RCX=0x00007f97fea7e1e8, RDX=0x0000000000000649
RSP=0x00007f97ddf16380, RBP=0x00007f97ddf163a0, RSI=0x00007f97feac6c48, RDI=0x00000000e0000000
R8 =0x00007f97feac6398, R9 =0x0000000000000003, R10=0x00007f97fee17da0, R11=0x000000080044f048
R12=0x0000000000000000, R13=0x00007f97f80b1c40, R14=0x00007f97f8000b80, R15=0x00007f97fee05e40
RIP=0x00007f97fe543714, EFLAGS=0x0000000000010206, CSGSFS=0x002b000000000033, ERR=0x0000000000000006
  TRAPNO=0x000000000000000e

Top of Stack: (sp=0x00007f97ddf16380)
0x00007f97ddf16380:   00007f97ddf16940 00007f97f80b1c40
0x00007f97ddf16390:   00007f97fc35c8c8 0000000800c417a0
0x00007f97ddf163a0:   00007f97ddf16500 00007f97fe50f2fe
0x00007f97ddf163b0:   00007f97ddf163e0 00007f97ddf16440 

Instructions: (pc=0x00007f97fe543714)
0x00007f97fe543614:   30 e8 f6 cf e8 ff 4c 89 e7 e8 2e 48 d1 ff 84 db
0x00007f97fe543624:   75 2a 4d 85 ed 74 04 4d 8b 6d 00 48 83 c4 08 44
0x00007f97fe543634:   89 f9 4c 89 f2 4c 89 ee 5b 4c 89 e7 41 5c 41 5d
0x00007f97fe543644:   41 5e 41 5f 5d e9 e2 47 d1 ff 66 90 48 83 c4 08
0x00007f97fe543654:   5b 41 5c 41 5d 41 5e 41 5f 5d c3 90 31 d2 be 08
0x00007f97fe543664:   00 00 00 4c 89 ff e8 b1 78 a3 ff 49 89 c5 e9 37
0x00007f97fe543674:   ff ff ff 66 0f 1f 84 00 00 00 00 00 48 8b 7a 08
0x00007f97fe543684:   e9 6d ff ff ff 0f 1f 80 00 00 00 00 e8 5b 48 0a
0x00007f97fe543694:   00 84 c0 75 89 e9 6a ff ff ff 66 90 55 48 89 e5
0x00007f97fe5436a4:   41 56 41 55 41 54 49 89 fc 53 48 89 f3 66 48 8d
0x00007f97fe5436b4:   3d 27 5e 85 00 66 66 48 e8 df 43 8d ff 4c 8b 28
0x00007f97fe5436c4:   8b 05 be 72 8a 00 85 c0 75 14 ba 01 00 00 00 48
0x00007f97fe5436d4:   8d 0d ae 72 8a 00 f0 0f b1 11 85 c0 74 4e be c8
0x00007f97fe5436e4:   00 00 00 4c 89 ef e8 01 0b 41 00 48 8d 05 12 ac
0x00007f97fe5436f4:   85 00 49 89 d8 48 8d 0d e8 aa 53 00 ba 49 06 00
0x00007f97fe543704:   00 48 8d 35 3c 35 58 00 bf 00 00 00 e0 48 8b 00
0x00007f97fe543714:   c6 00 58 31 c0 e8 e2 91 c6 ff 5b 41 5c 41 5d 41
0x00007f97fe543724:   5e 5d e9 55 34 26 00 0f 1f 44 00 00 48 8d 05 81
0x00007f97fe543734:   a3 8b 00 48 89 df 4c 8b 30 e8 9e 43 8d ff 48 89
0x00007f97fe543744:   de 48 89 c2 49 8b 06 4c 89 f7 ff 50 08 4c 89 f7
0x00007f97fe543754:   e8 a7 5c 27 00 4d 85 e4 74 12 be 01 00 00 00 4c
0x00007f97fe543764:   89 e7 e8 35 43 fc ff eb 82 0f 1f 00 be 01 00 00
0x00007f97fe543774:   00 4c 89 ef e8 d3 fd ff ff e9 6d ff ff ff 66 66
0x00007f97fe543784:   2e 0f 1f 84 00 00 00 00 00 0f 1f 00 55 48 89 e5
0x00007f97fe543794:   41 57 41 56 41 55 41 54 53 48 81 ec 08 02 00 00
0x00007f97fe5437a4:   64 48 8b 04 25 28 00 00 00 48 89 45 c8 8b 07 83
0x00007f97fe5437b4:   f8 02 0f 84 11 04 00 00 4c 8b 6f 18 49 89 ff 49
0x00007f97fe5437c4:   89 f4 4d 85 ed 74 14 4c 89 ef e8 5d 57 22 00 41
0x00007f97fe5437d4:   8b 07 83 f8 02 0f 84 19 04 00 00 48 8d 1d 9a 06
0x00007f97fe5437e4:   8a 00 4c 8d 35 0b 3c 58 00 eb 38 90 48 85 d2 7f
0x00007f97fe5437f4:   0d 48 8d 05 b4 c0 85 00 48 83 38 00 7e 0e 41 8b
0x00007f97fe543804:   77 2c 4c 89 f7 31 c0 e8 a0 b2 f7 ff 49 8b 7f 18 


Stack slot to memory mapping:
stack at sp + 0 slots: 0x00007f97ddf16940 is pointing into the stack for thread: 0x00007f97f80b1c40
stack at sp + 1 slots: 0x00007f97f80b1c40 is a thread
stack at sp + 2 slots: 0x00007f97fc35c8c8 points into unknown readable memory: 0x6573001880c9ffff | ff ff c9 80 18 00 73 65
stack at sp + 3 slots: 0x0000000800c417a0 is a pointer to class: 
jdk.vm.ci.services.Services {0x0000000800c417a0}
 - instance size:     2
 - klass size:        65
 - access:            public final synchronized 
 - state:             fully_initialized
 - name:              'jdk/vm/ci/services/Services'
 - super:             'java/lang/Object'
 - sub:               
 - arrays:            NULL
 - methods:           Array<T>(0x00007f97de842920)
 - method ordering:   Array<T>(0x0000000800928960)
 - default_methods:   Array<T>(0x0000000000000000)
 - local interfaces:  Array<T>(0x00000008005ce810)
 - trans. interfaces: Array<T>(0x00000008005ce810)
 - constants:         constant pool [427] {0x00007f97de841a00} for 'jdk/vm/ci/services/Services' cache=0x00007f97de843bf0
 - class loader data:  loader data: 0x00007f97f8027cc0 of 'bootstrap'
 - source file:       'Services.java'
 - class annotations:       Array<T>(0x0000000000000000)
 - class type annotations:  Array<T>(0x0000000000000000)
 - field annotations:       Array<T>(0x0000000000000000)
 - field type annotations:  Array<T>(0x0000000000000000)
 - inner classes:     Array<T>(0x00007f97de843bc0)
 - nest members:     Array<T>(0x00007f97de843be0)
 - permitted subclasses:     Array<T>(0x00000008005ce7a0)
 - java mirror:       a 'java/lang/Class'{0x00000000e017c9e0} = 'jdk/vm/ci/services/Services'
 - vtable length      5  (start addr: 0x0000000800c41970)
 - itable length      2 (start addr: 0x0000000800c41998)
 - ---- static fields (3 words):
 - public static final 'IS_BUILDING_NATIVE_IMAGE' 'Z' @128 
 - public static final 'IS_IN_NATIVE_IMAGE' 'Z' @129 
 - private static volatile 'savedProperties' 'Ljava/util/Map;' @112 
 - static final 'JVMCI_ENABLED' 'Z' @130 
 - private static final 'servicesCache' 'Ljava/util/Map;' @116 
 - private static final 'MAX_UNICODE_IN_UTF8_LENGTH' 'I' @120 
 - private static final 'MAX_UTF8_PROPERTY_STRING_LENGTH' 'I' @124 
 - ---- non-static fields (0 words):
 - non-static oop maps: 
stack at sp + 4 slots: 0x00007f97ddf16500 is pointing into the stack for thread: 0x00007f97f80b1c40
stack at sp + 5 slots: 0x00007f97fe50f2fe: <offset 0x000000000093e2fe> in /nix/store/gpxl5qgg8kicmcvivwmybwjlpf7wh20l-graalvm17-ce-22.3.0/lib/server/libjvm.so at 0x00007f97fdbd1000
stack at sp + 6 slots: 0x00007f97ddf163e0 is pointing into the stack for thread: 0x00007f97f80b1c40
stack at sp + 7 slots: 0x00007f97ddf16440 is pointing into the stack for thread: 0x00007f97f80b1c40


---------------  P R O C E S S  ---------------

Threads class SMR info:
_java_thread_list=0x00007f973c000c40, length=25, elements={
0x00007f97f8025f60, 0x00007f97f80a5f00, 0x00007f97f80a7340, 0x00007f97f80adab0,
0x00007f97f80aee60, 0x00007f97f80b0250, 0x00007f97f80b1c40, 0x00007f97f80b3150,
0x00007f97f80b45a0, 0x00007f97f80df860, 0x00007f97f8127790, 0x00007f97f8313030,
0x00007f97f8345e20, 0x00007f97f8348550, 0x00007f97f85fd8f0, 0x00007f978c01a700,
0x00007f978c2a0b50, 0x00007f97800010d0, 0x00007f978c489f60, 0x00007f978c658050,
0x00007f97f83e45e0, 0x00007f9780007280, 0x00007f97f83c12c0, 0x00007f975c0012e0,
0x00007f9788181c70
}

Java Threads: ( => current thread )
  0x00007f97f8025f60 JavaThread "main" [_thread_blocked, id=45, stack(0x00007f97fd9ec000,0x00007f97fdaec000)]
  0x00007f97f80a5f00 JavaThread "Reference Handler" daemon [_thread_blocked, id=48, stack(0x00007f97de5fe000,0x00007f97de6fe000)]
  0x00007f97f80a7340 JavaThread "Finalizer" daemon [_thread_blocked, id=49, stack(0x00007f97de4fe000,0x00007f97de5fe000)]
  0x00007f97f80adab0 JavaThread "Signal Dispatcher" daemon [_thread_blocked, id=50, stack(0x00007f97de118000,0x00007f97de218000)]
  0x00007f97f80aee60 JavaThread "Service Thread" daemon [_thread_blocked, id=51, stack(0x00007f97de018000,0x00007f97de118000)]
  0x00007f97f80b0250 JavaThread "Monitor Deflation Thread" daemon [_thread_blocked, id=52, stack(0x00007f97ddf18000,0x00007f97de018000)]
=>0x00007f97f80b1c40 JavaThread "JVMCI-native CompilerThread0" daemon [_thread_in_vm, id=53, stack(0x00007f97ddd18000,0x00007f97ddf18000)]
  0x00007f97f80b3150 JavaThread "C1 CompilerThread0" daemon [_thread_blocked, id=54, stack(0x00007f97ddb18000,0x00007f97ddd18000)]
  0x00007f97f80b45a0 JavaThread "Sweeper thread" daemon [_thread_blocked, id=55, stack(0x00007f97dda18000,0x00007f97ddb18000)]
  0x00007f97f80df860 JavaThread "Common-Cleaner" daemon [_thread_blocked, id=56, stack(0x00007f97dd918000,0x00007f97dda18000)]
  0x00007f97f8127790 JavaThread "Notification Thread" daemon [_thread_blocked, id=57, stack(0x00007f97dd818000,0x00007f97dd918000)]
  0x00007f97f8313030 JavaThread "Active Thread: Equinox Container: e89f50c8-5911-4c0b-93e4-e547b8b91a88" [_thread_blocked, id=73, stack(0x00007f97dc400000,0x00007f97dc500000)]
  0x00007f97f8345e20 JavaThread "Framework Event Dispatcher: Equinox Container: e89f50c8-5911-4c0b-93e4-e547b8b91a88" daemon [_thread_blocked, id=85, stack(0x00007f97dc200000,0x00007f97dc300000)]
  0x00007f97f8348550 JavaThread "Start Level: Equinox Container: e89f50c8-5911-4c0b-93e4-e547b8b91a88" daemon [_thread_blocked, id=86, stack(0x00007f97dc000000,0x00007f97dc100000)]
  0x00007f97f85fd8f0 JavaThread "Refresh Thread: Equinox Container: e89f50c8-5911-4c0b-93e4-e547b8b91a88" daemon [_thread_blocked, id=87, stack(0x00007f97a5b00000,0x00007f97a5c00000)]
  0x00007f978c01a700 JavaThread "SCR Component Actor" daemon [_thread_blocked, id=98, stack(0x00007f97a5900000,0x00007f97a5a00000)]
  0x00007f978c2a0b50 JavaThread "Worker-JM" [_thread_blocked, id=110, stack(0x00007f97a5500000,0x00007f97a5600000)]
  0x00007f97800010d0 JavaThread "Worker-1: Compacting resource model" [_thread_blocked, id=122, stack(0x00007f97a5100000,0x00007f97a5200000)]
  0x00007f978c489f60 JavaThread "Java indexing" daemon [_thread_blocked, id=123, stack(0x00007f97a4f00000,0x00007f97a5000000)]
  0x00007f978c658050 JavaThread "Bundle File Closer" daemon [_thread_blocked, id=132, stack(0x00007f97a4d00000,0x00007f97a4e00000)]
  0x00007f97f83e45e0 JavaThread "pool-3-thread-1" [_thread_blocked, id=141, stack(0x00007f97a4b00000,0x00007f97a4c00000)]
  0x00007f9780007280 JavaThread "Worker-2" [_thread_blocked, id=142, stack(0x00007f97a4900000,0x00007f97a4a00000)]
  0x00007f97f83c12c0 JavaThread "pool-2-thread-1" [_thread_blocked, id=153, stack(0x00007f97a5700000,0x00007f97a5800000)]
  0x00007f975c0012e0 JavaThread "Worker-5: Periodic workspace save." [_thread_blocked, id=304, stack(0x00007f97a4400000,0x00007f97a4500000)]
  0x00007f9788181c70 JavaThread "Thread-3" [_thread_blocked, id=539, stack(0x00007f97a4300000,0x00007f97a4400000)]

Other Threads:
  0x00007f97f80a1640 VMThread "VM Thread" [stack: 0x00007f97de700000,0x00007f97de800000] [id=47] _threads_hazard_ptr=0x00007f973c000c40
  0x00007f97f8129130 WatcherThread [stack: 0x00007f97dd718000,0x00007f97dd818000] [id=58]
  0x00007f97f803d860 GCTaskThread "GC Thread#0" [stack: 0x00007f97fd5af000,0x00007f97fd6af000] [id=46]

Threads with active compile tasks:
JVMCI-native CompilerThread0  2548332 8768       4       java.util.AbstractSet::<init> (5 bytes)

VM state: synchronizing (normal execution)

VM Mutex/Monitor currently owned by a thread:  ([mutex/lock_event])
[0x00007f97f8023110] Threads_lock - owner thread: 0x00007f97f80a1640
[0x00007f97f80238c0] Heap_lock - owner thread: 0x00007f975c0012e0

OutOfMemory and StackOverflow Exception counts:
OutOfMemoryError java_heap_errors=2
LinkageErrors=70

Heap address: 0x00000000e0000000, size: 512 MB, Compressed Oops mode: 32-bit

CDS archive(s) mapped at: [0x0000000800000000-0x0000000800bc8000-0x0000000800bc8000), size 12353536, SharedBaseAddress: 0x0000000800000000, ArchiveRelocationMode: 0.
Compressed class space mapped at: 0x0000000800c00000-0x0000000840c00000, reserved size: 1073741824
Narrow klass base: 0x0000000800000000, Narrow klass shift: 0, Narrow klass range: 0x100000000

GC Precious Log:
 CPUs: 8 total, 1 available
 Memory: 1024M
 Large Page Support: Disabled
 NUMA Support: Disabled
 Compressed Oops: Enabled (32-bit)
 Alignments: Space 512K, Generation 512K, Heap 2M
 Heap Min Capacity: 100M
 Heap Initial Capacity: 100M
 Heap Max Capacity: 512M
 Pre-touch: Disabled
 Parallel Workers: 1

Heap:
 PSYoungGen      total 39936K, used 28160K [0x00000000f5580000, 0x00000000f9480000, 0x0000000100000000)
  eden space 28160K, 100% used [0x00000000f5580000,0x00000000f7100000,0x00000000f7100000)
  from space 11776K, 0% used [0x00000000f7100000,0x00000000f7100000,0x00000000f7c80000)
  to   space 15360K, 0% used [0x00000000f8580000,0x00000000f8580000,0x00000000f9480000)
 ParOldGen       total 349696K, used 349693K [0x00000000e0000000, 0x00000000f5580000, 0x00000000f5580000)
  object space 349696K, 99% used [0x00000000e0000000,0x00000000f557f720,0x00000000f5580000)
 Metaspace       used 56436K, committed 57408K, reserved 1105920K
  class space    used 5580K, committed 6016K, reserved 1048576K

Card table byte_map: [0x00007f97fd6af000,0x00007f97fd7b0000] _byte_map_base: 0x00007f97fcfaf000

Marking Bits: (ParMarkBitMap*) 0x00007f97fedff4c0
 Begin Bits: [0x00007f97fc502000, 0x00007f97fcd02000)
 End Bits:   [0x00007f97fcd02000, 0x00007f97fd502000)

Polling page: 0x00007f97fd9c9000

Metaspace:

Usage:
  Non-class:     49.66 MB used.
      Class:      5.45 MB used.
       Both:     55.11 MB used.

Virtual space:
  Non-class space:       56.00 MB reserved,      50.19 MB ( 90%) committed,  7 nodes.
      Class space:        1.00 GB reserved,       5.88 MB ( <1%) committed,  1 nodes.
             Both:        1.05 GB reserved,      56.06 MB (  5%) committed. 

Chunk freelists:
   Non-Class:  1.42 MB
       Class:  2.20 MB
        Both:  3.62 MB

MaxMetaspaceSize: unlimited
CompressedClassSpaceSize: 1.00 GB
Initial GC threshold: 21.00 MB
Current GC threshold: 93.25 MB
CDS: on
MetaspaceReclaimPolicy: balanced
 - commit_granule_bytes: 65536.
 - commit_granule_words: 8192.
 - virtual_space_node_default_size: 1048576.
 - enlarge_chunks_in_place: 1.
 - new_chunks_are_fully_committed: 0.
 - uncommit_free_chunks: 1.
 - use_allocation_guard: 0.
 - handle_deallocations: 1.


Internal statistics:

num_allocs_failed_limit: 8.
num_arena_births: 486.
num_arena_deaths: 156.
num_vsnodes_births: 8.
num_vsnodes_deaths: 0.
num_space_committed: 897.
num_space_uncommitted: 1.
num_chunks_returned_to_freelist: 224.
num_chunks_taken_from_freelist: 2735.
num_chunk_merges: 91.
num_chunk_splits: 1738.
num_chunks_enlarged: 1050.
num_purges: 6.
num_inconsistent_stats: 0.

CodeHeap 'non-profiled nmethods': size=120036Kb used=2510Kb max_used=2702Kb free=117525Kb
 bounds [0x00007f97e6f7a000, 0x00007f97e722a000, 0x00007f97ee4b3000]
CodeHeap 'profiled nmethods': size=120032Kb used=12686Kb max_used=14961Kb free=107346Kb
 bounds [0x00007f97dfa42000, 0x00007f97e08e2000, 0x00007f97e6f7a000]
CodeHeap 'non-nmethods': size=5692Kb used=1394Kb max_used=1396Kb free=4297Kb
 bounds [0x00007f97df4b3000, 0x00007f97df723000, 0x00007f97dfa42000]
 total_blobs=7245 nmethods=6514 adapters=612
 compilation: enabled
              stopped_count=0, restarted_count=0
 full_count=0

JVMCI Events (20 events):
Event: 2400.235 Thread 0x00007f97f80b1c40 destroyed JavaVM[13]@0x00007f97a3d9e340 for JVMCI runtime 0
Event: 2400.235 Thread 0x00007f97f80b1c40 compacted oop handles in JVMCI runtime 0 from 42 to 42
Event: 2400.235 Thread 0x00007f97f80b1c40 releasing handles for JVMCI runtime 0: oop handles=42, metadata handles={total=86, live=75, blocks=37}
Event: 2400.235 Thread 0x00007f97f80b1c40 detached from JVMCI runtime 0
Event: 2469.566 Thread 0x00007f97f80b1c40 attached to JVMCI runtime 0
Event: 2469.617 Thread 0x00007f97f80b1c40 created JavaVM[14]@0x00007f97a3d9e340 for JVMCI runtime 0
Event: 2473.865 Thread 0x00007f97f80b1c40 initializing JVMCI runtime 0
Event: 2473.865 Thread 0x00007f97f80b1c40 done waiting for JavaVM references initialization in JVMCI runtime 0
Event: 2507.035 Thread 0x00007f97f80b1c40 initialized JVMCI runtime 0
Event: 2515.634 Thread 0x00007f97f80b1c40 detaching from JVMCI runtime 0: releasing idle compiler thread (0 other threads still attached)
Event: 2515.634 Thread 0x00007f97f80b1c40 shutting down HotSpotJVMCIRuntime for JVMCI runtime 0
Event: 2515.634 Thread 0x00007f97f80b1c40 shut down JVMCI runtime 0
Event: 2515.636 Thread 0x00007f97f80b1c40 destroyed JavaVM[14]@0x00007f97a3d9e340 for JVMCI runtime 0
Event: 2515.636 Thread 0x00007f97f80b1c40 compacted oop handles in JVMCI runtime 0 from 48 to 48
Event: 2515.636 Thread 0x00007f97f80b1c40 releasing handles for JVMCI runtime 0: oop handles=48, metadata handles={total=95, live=83, blocks=37}
Event: 2515.636 Thread 0x00007f97f80b1c40 detached from JVMCI runtime 0
Event: 2535.340 Thread 0x00007f97f80b1c40 attached to JVMCI runtime 0
Event: 2535.342 Thread 0x00007f97f80b1c40 created JavaVM[15]@0x00007f97a3d9e340 for JVMCI runtime 0
Event: 2535.342 Thread 0x00007f97f80b1c40 initializing JVMCI runtime 0
Event: 2535.342 Thread 0x00007f97f80b1c40 done waiting for JavaVM references initialization in JVMCI runtime 0

Compilation events (20 events):
Event: 2003.555 Thread 0x00007f97f80b1c40 nmethod 8759 0x00007f97e70bf210 code [0x00007f97e70bf3e0, 0x00007f97e70bf710]
Event: 2003.556 Thread 0x00007f97f80b1c40 8755       4       java.io.DataOutputStream::writeInt (62 bytes)
Event: 2071.365 Thread 0x00007f97f80b1c40 nmethod 8755 0x00007f97e7171b10 code [0x00007f97e7171d20, 0x00007f97e7172600]
Event: 2175.768 Thread 0x00007f97f80b3150 8760       3       java.util.concurrent.ScheduledThreadPoolExecutor$ScheduledFutureTask::getDelay (16 bytes)
Event: 2180.116 Thread 0x00007f97f80b3150 nmethod 8760 0x00007f97e000cb10 code [0x00007f97e000ccc0, 0x00007f97e000ce40]
Event: 2229.443 Thread 0x00007f97f80b1c40 8761       4       java.util.WeakHashMap::indexFor (6 bytes)
Event: 2256.469 Thread 0x00007f97f80b1c40 nmethod 8761 0x00007f97e7171790 code [0x00007f97e7171900, 0x00007f97e7171928]
Event: 2262.734 Thread 0x00007f97f80b3150 8762       3       java.lang.ClassValue$Entry::version (8 bytes)
Event: 2264.924 Thread 0x00007f97f80b3150 nmethod 8762 0x00007f97e0155f90 code [0x00007f97e0156140, 0x00007f97e0156690]
Event: 2298.622 Thread 0x00007f97f80b1c40 8763       4       jdk.internal.reflect.ClassFileAssembler::cpi (22 bytes)
Event: 2398.031 Thread 0x00007f97f80b1c40 nmethod 8763 0x00007f97e7173f10 code [0x00007f97e7174080, 0x00007f97e71740f8]
Event: 2444.964 Thread 0x00007f97f80b3150 8764       3       org.eclipse.core.internal.jobs.DeadlockDetector::indexOf (43 bytes)
Event: 2444.965 Thread 0x00007f97f80b3150 nmethod 8764 0x00007f97e026be10 code [0x00007f97e026c000, 0x00007f97e026ce90]
Event: 2469.566 Thread 0x00007f97f80b1c40 8765       4       java.util.ArrayList::remove (26 bytes)
Event: 2475.761 Thread 0x00007f97f80b3150 8767       1       org.eclipse.core.internal.jobs.JobManager::getLockManager (5 bytes)
Event: 2477.815 Thread 0x00007f97f80b3150 nmethod 8767 0x00007f97e7173c10 code [0x00007f97e7173da0, 0x00007f97e7173e70]
Event: 2513.537 Thread 0x00007f97f80b1c40 nmethod 8765 0x00007f97e70bed90 code [0x00007f97e70bef20, 0x00007f97e70bf0c8]
Event: 2513.537 Thread 0x00007f97f80b1c40 8766       4       jdk.internal.misc.Unsafe::weakCompareAndSetLong (11 bytes)
Event: 2513.538 Thread 0x00007f97f80b1c40 nmethod 8766 0x00007f97e70be890 code [0x00007f97e70bea00, 0x00007f97e70bea50]
Event: 2535.340 Thread 0x00007f97f80b1c40 8768       4       java.util.AbstractSet::<init> (5 bytes)

GC Heap History (20 events):
Event: 2526.834 GC heap before
{Heap before GC invocations=1087 (full 993):
 PSYoungGen      total 39936K, used 28159K [0x00000000f5580000, 0x00000000f9480000, 0x0000000100000000)
  eden space 28160K, 99% used [0x00000000f5580000,0x00000000f70ffff0,0x00000000f7100000)
  from space 11776K, 0% used [0x00000000f7100000,0x00000000f7100000,0x00000000f7c80000)
  to   space 15360K, 0% used [0x00000000f8580000,0x00000000f8580000,0x00000000f9480000)
 ParOldGen       total 349696K, used 349687K [0x00000000e0000000, 0x00000000f5580000, 0x00000000f5580000)
  object space 349696K, 99% used [0x00000000e0000000,0x00000000f557dfc0,0x00000000f5580000)
 Metaspace       used 56433K, committed 57344K, reserved 1105920K
  class space    used 5579K, committed 6016K, reserved 1048576K
}
Event: 2529.117 GC heap after
{Heap after GC invocations=1087 (full 993):
 PSYoungGen      total 43520K, used 28159K [0x00000000f5580000, 0x00000000f9480000, 0x0000000100000000)
  eden space 28160K, 99% used [0x00000000f5580000,0x00000000f70fffa8,0x00000000f7100000)
  from space 15360K, 0% used [0x00000000f8580000,0x00000000f8580000,0x00000000f9480000)
  to   space 11776K, 0% used [0x00000000f7100000,0x00000000f7100000,0x00000000f7c80000)
 ParOldGen       total 349696K, used 349687K [0x00000000e0000000, 0x00000000f5580000, 0x00000000f5580000)
  object space 349696K, 99% used [0x00000000e0000000,0x00000000f557de68,0x00000000f5580000)
 Metaspace       used 56433K, committed 57344K, reserved 1105920K
  class space    used 5579K, committed 6016K, reserved 1048576K
}
Event: 2529.119 GC heap before
{Heap before GC invocations=1088 (full 994):
 PSYoungGen      total 43520K, used 28159K [0x00000000f5580000, 0x00000000f9480000, 0x0000000100000000)
  eden space 28160K, 99% used [0x00000000f5580000,0x00000000f70ffff0,0x00000000f7100000)
  from space 15360K, 0% used [0x00000000f8580000,0x00000000f8580000,0x00000000f9480000)
  to   space 11776K, 0% used [0x00000000f7100000,0x00000000f7100000,0x00000000f7c80000)
 ParOldGen       total 349696K, used 349687K [0x00000000e0000000, 0x00000000f5580000, 0x00000000f5580000)
  object space 349696K, 99% used [0x00000000e0000000,0x00000000f557de68,0x00000000f5580000)
 Metaspace       used 56433K, committed 57344K, reserved 1105920K
  class space    used 5579K, committed 6016K, reserved 1048576K
}
Event: 2531.238 GC heap after
{Heap after GC invocations=1088 (full 994):
 PSYoungGen      total 39936K, used 28159K [0x00000000f5580000, 0x00000000f9480000, 0x0000000100000000)
  eden space 28160K, 99% used [0x00000000f5580000,0x00000000f70ffff0,0x00000000f7100000)
  from space 11776K, 0% used [0x00000000f7100000,0x00000000f7100000,0x00000000f7c80000)
  to   space 15360K, 0% used [0x00000000f8580000,0x00000000f8580000,0x00000000f9480000)
 ParOldGen       total 349696K, used 349687K [0x00000000e0000000, 0x00000000f5580000, 0x00000000f5580000)
  object space 349696K, 99% used [0x00000000e0000000,0x00000000f557de68,0x00000000f5580000)
 Metaspace       used 56433K, committed 57344K, reserved 1105920K
  class space    used 5579K, committed 6016K, reserved 1048576K
}
Event: 2531.239 GC heap before
{Heap before GC invocations=1089 (full 995):
 PSYoungGen      total 39936K, used 28159K [0x00000000f5580000, 0x00000000f9480000, 0x0000000100000000)
  eden space 28160K, 99% used [0x00000000f5580000,0x00000000f70ffff0,0x00000000f7100000)
  from space 11776K, 0% used [0x00000000f7100000,0x00000000f7100000,0x00000000f7c80000)
  to   space 15360K, 0% used [0x00000000f8580000,0x00000000f8580000,0x00000000f9480000)
 ParOldGen       total 349696K, used 349689K [0x00000000e0000000, 0x00000000f5580000, 0x00000000f5580000)
  object space 349696K, 99% used [0x00000000e0000000,0x00000000f557e5f8,0x00000000f5580000)
 Metaspace       used 56433K, committed 57344K, reserved 1105920K
  class space    used 5579K, committed 6016K, reserved 1048576K
}
Event: 2533.317 GC heap after
{Heap after GC invocations=1089 (full 995):
 PSYoungGen      total 43520K, used 28159K [0x00000000f5580000, 0x00000000f9480000, 0x0000000100000000)
  eden space 28160K, 99% used [0x00000000f5580000,0x00000000f70fff90,0x00000000f7100000)
  from space 15360K, 0% used [0x00000000f8580000,0x00000000f8580000,0x00000000f9480000)
  to   space 11776K, 0% used [0x00000000f7100000,0x00000000f7100000,0x00000000f7c80000)
 ParOldGen       total 349696K, used 349689K [0x00000000e0000000, 0x00000000f5580000, 0x00000000f5580000)
  object space 349696K, 99% used [0x00000000e0000000,0x00000000f557e508,0x00000000f5580000)
 Metaspace       used 56433K, committed 57344K, reserved 1105920K
  class space    used 5579K, committed 6016K, reserved 1048576K
}
Event: 2533.320 GC heap before
{Heap before GC invocations=1090 (full 996):
 PSYoungGen      total 43520K, used 28159K [0x00000000f5580000, 0x00000000f9480000, 0x0000000100000000)
  eden space 28160K, 99% used [0x00000000f5580000,0x00000000f70ffff0,0x00000000f7100000)
  from space 15360K, 0% used [0x00000000f8580000,0x00000000f8580000,0x00000000f9480000)
  to   space 11776K, 0% used [0x00000000f7100000,0x00000000f7100000,0x00000000f7c80000)
 ParOldGen       total 349696K, used 349689K [0x00000000e0000000, 0x00000000f5580000, 0x00000000f5580000)
  object space 349696K, 99% used [0x00000000e0000000,0x00000000f557e508,0x00000000f5580000)
 Metaspace       used 56433K, committed 57344K, reserved 1105920K
  class space    used 5579K, committed 6016K, reserved 1048576K
}
Event: 2535.339 GC heap after
{Heap after GC invocations=1090 (full 996):
 PSYoungGen      total 39936K, used 28159K [0x00000000f5580000, 0x00000000f9480000, 0x0000000100000000)
  eden space 28160K, 99% used [0x00000000f5580000,0x00000000f70ffff0,0x00000000f7100000)
  from space 11776K, 0% used [0x00000000f7100000,0x00000000f7100000,0x00000000f7c80000)
  to   space 15360K, 0% used [0x00000000f8580000,0x00000000f8580000,0x00000000f9480000)
 ParOldGen       total 349696K, used 349689K [0x00000000e0000000, 0x00000000f5580000, 0x00000000f5580000)
  object space 349696K, 99% used [0x00000000e0000000,0x00000000f557e508,0x00000000f5580000)
 Metaspace       used 56433K, committed 57344K, reserved 1105920K
  class space    used 5579K, committed 6016K, reserved 1048576K
}
Event: 2535.342 GC heap before
{Heap before GC invocations=1091 (full 997):
 PSYoungGen      total 39936K, used 28160K [0x00000000f5580000, 0x00000000f9480000, 0x0000000100000000)
  eden space 28160K, 100% used [0x00000000f5580000,0x00000000f7100000,0x00000000f7100000)
  from space 11776K, 0% used [0x00000000f7100000,0x00000000f7100000,0x00000000f7c80000)
  to   space 15360K, 0% used [0x00000000f8580000,0x00000000f8580000,0x00000000f9480000)
 ParOldGen       total 349696K, used 349694K [0x00000000e0000000, 0x00000000f5580000, 0x00000000f5580000)
  object space 349696K, 99% used [0x00000000e0000000,0x00000000f557f9b8,0x00000000f5580000)
 Metaspace       used 56434K, committed 57344K, reserved 1105920K
  class space    used 5579K, committed 6016K, reserved 1048576K
}
Event: 2537.597 GC heap after
{Heap after GC invocations=1091 (full 997):
 PSYoungGen      total 43520K, used 28159K [0x00000000f5580000, 0x00000000f9480000, 0x0000000100000000)
  eden space 28160K, 99% used [0x00000000f5580000,0x00000000f70fff90,0x00000000f7100000)
  from space 15360K, 0% used [0x00000000f8580000,0x00000000f8580000,0x00000000f9480000)
  to   space 11776K, 0% used [0x00000000f7100000,0x00000000f7100000,0x00000000f7c80000)
 ParOldGen       total 349696K, used 349691K [0x00000000e0000000, 0x00000000f5580000, 0x00000000f5580000)
  object space 349696K, 99% used [0x00000000e0000000,0x00000000f557ef28,0x00000000f5580000)
 Metaspace       used 56434K, committed 57344K, reserved 1105920K
  class space    used 5579K, committed 6016K, reserved 1048576K
}
Event: 2537.597 GC heap before
{Heap before GC invocations=1092 (full 998):
 PSYoungGen      total 43520K, used 28159K [0x00000000f5580000, 0x00000000f9480000, 0x0000000100000000)
  eden space 28160K, 99% used [0x00000000f5580000,0x00000000f70fffd8,0x00000000f7100000)
  from space 15360K, 0% used [0x00000000f8580000,0x00000000f8580000,0x00000000f9480000)
  to   space 11776K, 0% used [0x00000000f7100000,0x00000000f7100000,0x00000000f7c80000)
 ParOldGen       total 349696K, used 349691K [0x00000000e0000000, 0x00000000f5580000, 0x00000000f5580000)
  object space 349696K, 99% used [0x00000000e0000000,0x00000000f557ef28,0x00000000f5580000)
 Metaspace       used 56434K, committed 57344K, reserved 1105920K
  class space    used 5579K, committed 6016K, reserved 1048576K
}
Event: 2539.654 GC heap after
{Heap after GC invocations=1092 (full 998):
 PSYoungGen      total 39936K, used 28159K [0x00000000f5580000, 0x00000000f9480000, 0x0000000100000000)
  eden space 28160K, 99% used [0x00000000f5580000,0x00000000f70fffd8,0x00000000f7100000)
  from space 11776K, 0% used [0x00000000f7100000,0x00000000f7100000,0x00000000f7c80000)
  to   space 15360K, 0% used [0x00000000f8580000,0x00000000f8580000,0x00000000f9480000)
 ParOldGen       total 349696K, used 349691K [0x00000000e0000000, 0x00000000f5580000, 0x00000000f5580000)
  object space 349696K, 99% used [0x00000000e0000000,0x00000000f557ef08,0x00000000f5580000)
 Metaspace       used 56434K, committed 57344K, reserved 1105920K
  class space    used 5579K, committed 6016K, reserved 1048576K
}
Event: 2539.655 GC heap before
{Heap before GC invocations=1093 (full 999):
 PSYoungGen      total 39936K, used 28160K [0x00000000f5580000, 0x00000000f9480000, 0x0000000100000000)
  eden space 28160K, 100% used [0x00000000f5580000,0x00000000f7100000,0x00000000f7100000)
  from space 11776K, 0% used [0x00000000f7100000,0x00000000f7100000,0x00000000f7c80000)
  to   space 15360K, 0% used [0x00000000f8580000,0x00000000f8580000,0x00000000f9480000)
 ParOldGen       total 349696K, used 349695K [0x00000000e0000000, 0x00000000f5580000, 0x00000000f5580000)
  object space 349696K, 99% used [0x00000000e0000000,0x00000000f557fe28,0x00000000f5580000)
 Metaspace       used 56436K, committed 57408K, reserved 1105920K
  class space    used 5580K, committed 6016K, reserved 1048576K
}
Event: 2541.645 GC heap after
{Heap after GC invocations=1093 (full 999):
 PSYoungGen      total 43520K, used 28159K [0x00000000f5580000, 0x00000000f9480000, 0x0000000100000000)
  eden space 28160K, 99% used [0x00000000f5580000,0x00000000f70ffe58,0x00000000f7100000)
  from space 15360K, 0% used [0x00000000f8580000,0x00000000f8580000,0x00000000f9480000)
  to   space 11776K, 0% used [0x00000000f7100000,0x00000000f7100000,0x00000000f7c80000)
 ParOldGen       total 349696K, used 349693K [0x00000000e0000000, 0x00000000f5580000, 0x00000000f5580000)
  object space 349696K, 99% used [0x00000000e0000000,0x00000000f557f4c0,0x00000000f5580000)
 Metaspace       used 56436K, committed 57408K, reserved 1105920K
  class space    used 5580K, committed 6016K, reserved 1048576K
}
Event: 2541.646 GC heap before
{Heap before GC invocations=1094 (full 1000):
 PSYoungGen      total 43520K, used 28159K [0x00000000f5580000, 0x00000000f9480000, 0x0000000100000000)
  eden space 28160K, 99% used [0x00000000f5580000,0x00000000f70ffff0,0x00000000f7100000)
  from space 15360K, 0% used [0x00000000f8580000,0x00000000f8580000,0x00000000f9480000)
  to   space 11776K, 0% used [0x00000000f7100000,0x00000000f7100000,0x00000000f7c80000)
 ParOldGen       total 349696K, used 349693K [0x00000000e0000000, 0x00000000f5580000, 0x00000000f5580000)
  object space 349696K, 99% used [0x00000000e0000000,0x00000000f557f4c0,0x00000000f5580000)
 Metaspace       used 56436K, committed 57408K, reserved 1105920K
  class space    used 5580K, committed 6016K, reserved 1048576K
}
Event: 2543.863 GC heap after
{Heap after GC invocations=1094 (full 1000):
 PSYoungGen      total 39936K, used 28159K [0x00000000f5580000, 0x00000000f9480000, 0x0000000100000000)
  eden space 28160K, 99% used [0x00000000f5580000,0x00000000f70ffff0,0x00000000f7100000)
  from space 11776K, 0% used [0x00000000f7100000,0x00000000f7100000,0x00000000f7c80000)
  to   space 15360K, 0% used [0x00000000f8580000,0x00000000f8580000,0x00000000f9480000)
 ParOldGen       total 349696K, used 349693K [0x00000000e0000000, 0x00000000f5580000, 0x00000000f5580000)
  object space 349696K, 99% used [0x00000000e0000000,0x00000000f557f4c0,0x00000000f5580000)
 Metaspace       used 56436K, committed 57408K, reserved 1105920K
  class space    used 5580K, committed 6016K, reserved 1048576K
}
Event: 2543.863 GC heap before
{Heap before GC invocations=1095 (full 1001):
 PSYoungGen      total 39936K, used 28160K [0x00000000f5580000, 0x00000000f9480000, 0x0000000100000000)
  eden space 28160K, 100% used [0x00000000f5580000,0x00000000f7100000,0x00000000f7100000)
  from space 11776K, 0% used [0x00000000f7100000,0x00000000f7100000,0x00000000f7c80000)
  to   space 15360K, 0% used [0x00000000f8580000,0x00000000f8580000,0x00000000f9480000)
 ParOldGen       total 349696K, used 349694K [0x00000000e0000000, 0x00000000f5580000, 0x00000000f5580000)
  object space 349696K, 99% used [0x00000000e0000000,0x00000000f557f980,0x00000000f5580000)
 Metaspace       used 56436K, committed 57408K, reserved 1105920K
  class space    used 5580K, committed 6016K, reserved 1048576K
}
Event: 2545.947 GC heap after
{Heap after GC invocations=1095 (full 1001):
 PSYoungGen      total 43520K, used 28159K [0x00000000f5580000, 0x00000000f9480000, 0x0000000100000000)
  eden space 28160K, 99% used [0x00000000f5580000,0x00000000f70fffc0,0x00000000f7100000)
  from space 15360K, 0% used [0x00000000f8580000,0x00000000f8580000,0x00000000f9480000)
  to   space 11776K, 0% used [0x00000000f7100000,0x00000000f7100000,0x00000000f7c80000)
 ParOldGen       total 349696K, used 349693K [0x00000000e0000000, 0x00000000f5580000, 0x00000000f5580000)
  object space 349696K, 99% used [0x00000000e0000000,0x00000000f557f5e8,0x00000000f5580000)
 Metaspace       used 56436K, committed 57408K, reserved 1105920K
  class space    used 5580K, committed 6016K, reserved 1048576K
}
Event: 2545.947 GC heap before
{Heap before GC invocations=1096 (full 1002):
 PSYoungGen      total 43520K, used 28159K [0x00000000f5580000, 0x00000000f9480000, 0x0000000100000000)
  eden space 28160K, 99% used [0x00000000f5580000,0x00000000f70fffc0,0x00000000f7100000)
  from space 15360K, 0% used [0x00000000f8580000,0x00000000f8580000,0x00000000f9480000)
  to   space 11776K, 0% used [0x00000000f7100000,0x00000000f7100000,0x00000000f7c80000)
 ParOldGen       total 349696K, used 349693K [0x00000000e0000000, 0x00000000f5580000, 0x00000000f5580000)
  object space 349696K, 99% used [0x00000000e0000000,0x00000000f557f5e8,0x00000000f5580000)
 Metaspace       used 56436K, committed 57408K, reserved 1105920K
  class space    used 5580K, committed 6016K, reserved 1048576K
}
Event: 2548.066 GC heap after
{Heap after GC invocations=1096 (full 1002):
 PSYoungGen      total 39936K, used 28159K [0x00000000f5580000, 0x00000000f9480000, 0x0000000100000000)
  eden space 28160K, 99% used [0x00000000f5580000,0x00000000f70fffc0,0x00000000f7100000)
  from space 11776K, 0% used [0x00000000f7100000,0x00000000f7100000,0x00000000f7c80000)
  to   space 15360K, 0% used [0x00000000f8580000,0x00000000f8580000,0x00000000f9480000)
 ParOldGen       total 349696K, used 349693K [0x00000000e0000000, 0x00000000f5580000, 0x00000000f5580000)
  object space 349696K, 99% used [0x00000000e0000000,0x00000000f557f5e8,0x00000000f5580000)
 Metaspace       used 56436K, committed 57408K, reserved 1105920K
  class space    used 5580K, committed 6016K, reserved 1048576K
}

Dll operation events (9 events):
Event: 0.003 Loaded shared library /nix/store/gpxl5qgg8kicmcvivwmybwjlpf7wh20l-graalvm17-ce-22.3.0/lib/libjava.so
Event: 0.044 Loaded shared library /nix/store/gpxl5qgg8kicmcvivwmybwjlpf7wh20l-graalvm17-ce-22.3.0/lib/libjsvml.so
Event: 0.371 Loaded shared library /nix/store/gpxl5qgg8kicmcvivwmybwjlpf7wh20l-graalvm17-ce-22.3.0/lib/libnio.so
Event: 0.376 Loaded shared library /nix/store/gpxl5qgg8kicmcvivwmybwjlpf7wh20l-graalvm17-ce-22.3.0/lib/libzip.so
Event: 0.421 Loaded shared library /nix/store/gpxl5qgg8kicmcvivwmybwjlpf7wh20l-graalvm17-ce-22.3.0/lib/libjvmcicompiler.so
Event: 0.928 Loaded shared library /nix/store/gpxl5qgg8kicmcvivwmybwjlpf7wh20l-graalvm17-ce-22.3.0/lib/libjimage.so
Event: 1.592 Loaded shared library /nix/store/gpxl5qgg8kicmcvivwmybwjlpf7wh20l-graalvm17-ce-22.3.0/lib/libnet.so
Event: 6.773 Loaded shared library /home/runner/.cache/jdt-language-server/config/org.eclipse.equinox.launcher/org.eclipse.equinox.launcher.gtk.linux.x86_64_1.2.400.v20211117-0650/eclipse_11600.so
Event: 20.134 Loaded shared library /nix/store/gpxl5qgg8kicmcvivwmybwjlpf7wh20l-graalvm17-ce-22.3.0/lib/libextnet.so

Deoptimization events (20 events):
Event: 104.031 Thread 0x00007f97f83c12c0 Uncommon trap: trap_request=0xffffffcd fr.pc=0x00007f97e7155b3e relative=0x0000000000000dde
Event: 104.031 Thread 0x00007f97f83c12c0 Uncommon trap: reason=intrinsic_or_type_checked_inlining action=reinterpret pc=0x00007f97e7155b3e method=org.eclipse.jdt.internal.core.JavaModelManager.removeInfoAndChildren(Lorg/eclipse/jdt/internal/core/JavaElement;)Ljava/lang/Object; @ 0 jvmci
Event: 104.031 Thread 0x00007f97f83c12c0 DEOPT PACKING pc=0x00007f97e7155b3e sp=0x00007f97a57fd4a0
Event: 104.032 Thread 0x00007f97f83c12c0 DEOPT UNPACKING pc=0x00007f97df505325 sp=0x00007f97a57fc8f8 mode 3
Event: 104.218 Thread 0x00007f97f83c12c0 Uncommon trap: trap_request=0xffffffcd fr.pc=0x00007f97e717dbf4 relative=0x0000000000000074
Event: 104.218 Thread 0x00007f97f83c12c0 Uncommon trap: reason=intrinsic_or_type_checked_inlining action=reinterpret pc=0x00007f97e717dbf4 method=java.util.stream.ReferencePipeline$2$1.begin(J)V @ 0 jvmci
Event: 104.218 Thread 0x00007f97f83c12c0 DEOPT PACKING pc=0x00007f97e717dbf4 sp=0x00007f97a57fd010
Event: 104.218 Thread 0x00007f97f83c12c0 DEOPT UNPACKING pc=0x00007f97df505325 sp=0x00007f97a57fc4a0 mode 3
Event: 107.139 Thread 0x00007f9780007280 Uncommon trap: trap_request=0xffffffcd fr.pc=0x00007f97e71daab5 relative=0x0000000000000a75
Event: 107.139 Thread 0x00007f9780007280 Uncommon trap: reason=intrinsic_or_type_checked_inlining action=reinterpret pc=0x00007f97e71daab5 method=org.eclipse.jdt.internal.compiler.util.SimpleLookupTable.get(Ljava/lang/Object;)Ljava/lang/Object; @ 0 jvmci
Event: 107.139 Thread 0x00007f9780007280 DEOPT PACKING pc=0x00007f97e71daab5 sp=0x00007f97a49fe0c0
Event: 107.139 Thread 0x00007f9780007280 DEOPT UNPACKING pc=0x00007f97df505325 sp=0x00007f97a49fd5a0 mode 3
Event: 107.146 Thread 0x00007f9780007280 Uncommon trap: trap_request=0xffffffed fr.pc=0x00007f97e71ae922 relative=0x0000000000000082
Event: 107.146 Thread 0x00007f9780007280 Uncommon trap: reason=null_assert_or_unreached0 action=reinterpret pc=0x00007f97e71ae922 method=org.eclipse.jdt.internal.compiler.classfmt.MethodInfo.getExceptionTypeNames()[[C @ 4 jvmci
Event: 107.146 Thread 0x00007f9780007280 DEOPT PACKING pc=0x00007f97e71ae922 sp=0x00007f97a49fd790
Event: 107.146 Thread 0x00007f9780007280 DEOPT UNPACKING pc=0x00007f97df505325 sp=0x00007f97a49fcc30 mode 3
Event: 2182.242 Thread 0x00007f975c0012e0 Uncommon trap: trap_request=0xffffffed fr.pc=0x00007f97e7122773 relative=0x00000000000007b3
Event: 2182.242 Thread 0x00007f975c0012e0 Uncommon trap: reason=null_assert_or_unreached0 action=reinterpret pc=0x00007f97e7122773 method=java.util.WeakHashMap.remove(Ljava/lang/Object;)Ljava/lang/Object; @ 68 jvmci
Event: 2182.242 Thread 0x00007f975c0012e0 DEOPT PACKING pc=0x00007f97e7122773 sp=0x00007f97a44fe050
Event: 2182.242 Thread 0x00007f975c0012e0 DEOPT UNPACKING pc=0x00007f97df505325 sp=0x00007f97a44fd510 mode 3

Classes unloaded (20 events):
Event: 102.670 Thread 0x00007f97f80a1640 Unloading class 0x0000000800d98400 'java/lang/invoke/LambdaForm$MH+0x0000000800d98400'
Event: 102.670 Thread 0x00007f97f80a1640 Unloading class 0x0000000800d98000 'jdk/internal/reflect/GeneratedConstructorAccessor3'
Event: 102.670 Thread 0x00007f97f80a1640 Unloading class 0x0000000800d06800 'java/lang/invoke/LambdaForm$MH+0x0000000800d06800'
Event: 102.670 Thread 0x00007f97f80a1640 Unloading class 0x0000000800d06000 'java/lang/invoke/LambdaForm$MH+0x0000000800d06000'
Event: 102.670 Thread 0x00007f97f80a1640 Unloading class 0x0000000800d05c00 'java/lang/invoke/LambdaForm$MH+0x0000000800d05c00'
Event: 102.670 Thread 0x00007f97f80a1640 Unloading class 0x0000000800d05800 'java/lang/invoke/LambdaForm$MH+0x0000000800d05800'
Event: 102.670 Thread 0x00007f97f80a1640 Unloading class 0x0000000800d05000 'java/lang/invoke/LambdaForm$MH+0x0000000800d05000'
Event: 102.670 Thread 0x00007f97f80a1640 Unloading class 0x0000000800d04c00 'java/lang/invoke/LambdaForm$MH+0x0000000800d04c00'
Event: 102.670 Thread 0x00007f97f80a1640 Unloading class 0x0000000800d04800 'java/lang/invoke/LambdaForm$MH+0x0000000800d04800'
Event: 102.671 Thread 0x00007f97f80a1640 Unloading class 0x0000000800d04000 'java/lang/invoke/LambdaForm$MH+0x0000000800d04000'
Event: 102.671 Thread 0x00007f97f80a1640 Unloading class 0x0000000800c1d000 'jdk/internal/reflect/GeneratedMethodAccessor5'
Event: 102.671 Thread 0x00007f97f80a1640 Unloading class 0x0000000800c1cc00 'jdk/internal/reflect/GeneratedMethodAccessor4'
Event: 102.671 Thread 0x00007f97f80a1640 Unloading class 0x0000000800c1c800 'jdk/internal/reflect/GeneratedMethodAccessor3'
Event: 102.671 Thread 0x00007f97f80a1640 Unloading class 0x0000000800c1c400 'jdk/internal/reflect/GeneratedMethodAccessor2'
Event: 102.671 Thread 0x00007f97f80a1640 Unloading class 0x0000000800c1c000 'jdk/internal/reflect/GeneratedMethodAccessor1'
Event: 102.671 Thread 0x00007f97f80a1640 Unloading class 0x0000000800c01c00 'java/lang/invoke/LambdaForm$DMH+0x0000000800c01c00'
Event: 254.929 Thread 0x00007f97f80a1640 Unloading class 0x0000000801139800 'jdk/internal/reflect/GeneratedConstructorAccessor40'
Event: 2438.065 Thread 0x00007f97f80a1640 Unloading class 0x000000080112e000 'jdk/internal/reflect/GeneratedSerializationConstructorAccessor38'
Event: 2438.065 Thread 0x00007f97f80a1640 Unloading class 0x0000000801134400 'jdk/internal/reflect/GeneratedSerializationConstructorAccessor37'
Event: 2438.065 Thread 0x00007f97f80a1640 Unloading class 0x0000000801139800 'jdk/internal/reflect/GeneratedSerializationConstructorAccessor36'

Classes redefined (0 events):
No events

Internal exceptions (20 events):
Event: 52.328 Thread 0x00007f9764001130 Exception <a 'sun/nio/fs/UnixException'{0x00000000f5b7c488}> (0x00000000f5b7c488) 
thrown [src/hotspot/share/prims/jni.cpp, line 516]
Event: 52.332 Thread 0x00007f9764001130 Exception <a 'sun/nio/fs/UnixException'{0x00000000f5befe80}> (0x00000000f5befe80) 
thrown [src/hotspot/share/prims/jni.cpp, line 516]
Event: 54.225 Thread 0x00007f97f83c12c0 Exception <a 'java/lang/NoSuchMethodError'{0x00000000f5cf7510}: 'java.lang.Object java.lang.invoke.DirectMethodHandle$Holder.invokeInterface(java.lang.Object, java.lang.Object, java.lang.Object)'> (0x00000000f5cf7510) 
thrown [src/hotspot/share/interpreter/linkResolver.cpp, line 758]
Event: 54.348 Thread 0x00007f978c30c5e0 Exception <a 'java/lang/NoSuchMethodError'{0x00000000f5fd2b70}: static [Lorg/eclipse/core/runtime/IPath;.<clinit>()V> (0x00000000f5fd2b70) 
thrown [src/hotspot/share/prims/jni.cpp, line 1107]
Event: 54.418 Thread 0x00007f978c30c5e0 Exception <a 'java/lang/NoSuchMethodError'{0x00000000f605f938}: static [J.<clinit>()V> (0x00000000f605f938) 
thrown [src/hotspot/share/prims/jni.cpp, line 1107]
Event: 54.622 Thread 0x00007f9780007280 Exception <a 'java/lang/NoSuchMethodError'{0x00000000f5867140}: 'java.lang.Object java.lang.invoke.DirectMethodHandle$Holder.newInvokeSpecial(java.lang.Object, java.lang.Object, java.lang.Object, int, java.lang.Object)'> (0x00000000f5867140) 
thrown [src/hotspot/share/interpreter/linkResolver.cpp, line 758]
Event: 54.623 Thread 0x00007f9780007280 Exception <a 'java/lang/NoSuchMethodError'{0x00000000f58cc5e8}: 'java.lang.Object java.lang.invoke.DirectMethodHandle$Holder.invokeSpecial(java.lang.Object, java.lang.Object, java.lang.Object, java.lang.Object, int, java.lang.Object)'> (0x00000000f58cc5e8) 
thrown [src/hotspot/share/interpreter/linkResolver.cpp, line 758]
Event: 54.623 Thread 0x00007f9780007280 Exception <a 'java/lang/NoSuchMethodError'{0x00000000f58d09b0}: 'java.lang.Object java.lang.invoke.Invokers$Holder.linkToTargetMethod(java.lang.Object, java.lang.Object, int, java.lang.Object, java.lang.Object)'> (0x00000000f58d09b0) 
thrown [src/hotspot/share/interpreter/linkResolver.cpp, line 758]
Event: 57.242 Thread 0x00007f9768000ff0 Exception <a 'java/lang/NoSuchMethodError'{0x00000000f5f976c8}: 'java.lang.Object java.lang.invoke.DirectMethodHandle$Holder.invokeStatic(java.lang.Object, java.lang.Object, java.lang.Object, long)'> (0x00000000f5f976c8) 
thrown [src/hotspot/share/interpreter/linkResolver.cpp, line 758]
Event: 57.243 Thread 0x00007f9768000ff0 Exception <a 'java/lang/NoSuchMethodError'{0x00000000f5fc9fa0}: 'java.lang.Object java.lang.invoke.DirectMethodHandle$Holder.newInvokeSpecial(java.lang.Object, java.lang.Object, java.lang.Object, long)'> (0x00000000f5fc9fa0) 
thrown [src/hotspot/share/interpreter/linkResolver.cpp, line 758]
Event: 57.243 Thread 0x00007f9768000ff0 Exception <a 'java/lang/NoSuchMethodError'{0x00000000f5ff8690}: 'java.lang.Object java.lang.invoke.DirectMethodHandle$Holder.invokeSpecial(java.lang.Object, java.lang.Object, java.lang.Object, java.lang.Object, long)'> (0x00000000f5ff8690) 
thrown [src/hotspot/share/interpreter/linkResolver.cpp, line 758]
Event: 57.248 Thread 0x00007f9768000ff0 Exception <a 'java/lang/NoSuchMethodError'{0x00000000f6025b98}: 'java.lang.Object java.lang.invoke.Invokers$Holder.linkToTargetMethod(java.lang.Object, java.lang.Object, long, java.lang.Object)'> (0x00000000f6025b98) 
thrown [src/hotspot/share/interpreter/linkResolver.cpp, line 758]
Event: 57.320 Thread 0x00007f9768000ff0 Exception <a 'java/io/FileNotFoundException'{0x00000000f6165360}> (0x00000000f6165360) 
thrown [src/hotspot/share/prims/jni.cpp, line 516]
Event: 57.353 Thread 0x00007f9768000ff0 Exception <a 'java/lang/NoSuchMethodError'{0x00000000f6454428}: 'java.lang.Object java.lang.invoke.DirectMethodHandle$Holder.newInvokeSpecial(java.lang.Object, java.lang.Object, int, java.lang.Object, java.lang.Object)'> (0x00000000f6454428) 
thrown [src/hotspot/share/interpreter/linkResolver.cpp, line 758]
Event: 57.354 Thread 0x00007f9768000ff0 Exception <a 'java/lang/NoSuchMethodError'{0x00000000f6459720}: 'java.lang.Object java.lang.invoke.DirectMethodHandle$Holder.invokeSpecial(java.lang.Object, java.lang.Object, java.lang.Object, int, java.lang.Object, java.lang.Object)'> (0x00000000f6459720) 
thrown [src/hotspot/share/interpreter/linkResolver.cpp, line 758]
Event: 59.944 Thread 0x00007f97800010d0 Implicit null exception at 0x00007f97e716cda2 to 0x00007f97e716d132
Event: 60.729 Thread 0x00007f97800010d0 Implicit null exception at 0x00007f97e70bed35 to 0x00007f97e70bf37a
Event: 124.970 Thread 0x00007f978811d750 Exception <a 'java/lang/ArrayIndexOutOfBoundsException'{0x00000000f70cf858}: Index 98 out of bounds for length 98> (0x00000000f70cf858) 
thrown [src/hotspot/share/interpreter/interpreterRuntime.cpp, line 428]
Event: 2436.459 Thread 0x00007f975c0012e0 Exception <a 'java/lang/OutOfMemoryError'{0x00000000e0010378}> (0x00000000e0010378) 
thrown [src/hotspot/share/gc/shared/memAllocator.cpp, line 136]
Event: 2548.066 Thread 0x00007f97f80b1c40 Exception <a 'java/lang/OutOfMemoryError'{0x00000000e0010648}> (0x00000000e0010648) 
thrown [src/hotspot/share/gc/shared/memAllocator.cpp, line 136]

VM Operations (20 events):
Event: 2526.827 Executing VM operation: ParallelGCFailedAllocation done
Event: 2526.827 Executing VM operation: ParallelGCFailedAllocation
Event: 2529.118 Executing VM operation: ParallelGCFailedAllocation done
Event: 2529.118 Executing VM operation: ParallelGCFailedAllocation
Event: 2531.239 Executing VM operation: ParallelGCFailedAllocation done
Event: 2531.239 Executing VM operation: ParallelGCFailedAllocation
Event: 2533.317 Executing VM operation: ParallelGCFailedAllocation done
Event: 2533.320 Executing VM operation: ParallelGCFailedAllocation
Event: 2535.340 Executing VM operation: ParallelGCFailedAllocation done
Event: 2535.342 Executing VM operation: ParallelGCFailedAllocation
Event: 2537.597 Executing VM operation: ParallelGCFailedAllocation done
Event: 2537.597 Executing VM operation: ParallelGCFailedAllocation
Event: 2539.654 Executing VM operation: ParallelGCFailedAllocation done
Event: 2539.655 Executing VM operation: ParallelGCFailedAllocation
Event: 2541.645 Executing VM operation: ParallelGCFailedAllocation done
Event: 2541.645 Executing VM operation: ParallelGCFailedAllocation
Event: 2543.863 Executing VM operation: ParallelGCFailedAllocation done
Event: 2543.863 Executing VM operation: ParallelGCFailedAllocation
Event: 2548.066 Executing VM operation: ParallelGCFailedAllocation done
Event: 2548.067 Executing VM operation: ParallelGCFailedAllocation

Events (20 events):
Event: 231.419 Thread 0x00007f97f80b45a0 flushing nmethod 0x00007f97e0860810
Event: 231.419 Thread 0x00007f97f80b45a0 flushing nmethod 0x00007f97e0861b90
Event: 231.419 Thread 0x00007f97f80b45a0 flushing nmethod 0x00007f97e0862210
Event: 231.419 Thread 0x00007f97f80b45a0 flushing nmethod 0x00007f97e0864390
Event: 255.783 Thread 0x00007f978811d750 Thread exited: 0x00007f978811d750
Event: 500.540 loading class java/io/InterruptedIOException
Event: 500.540 loading class java/io/InterruptedIOException done
Event: 500.540 loading class javax/net/ssl/SSLException
Event: 525.194 loading class javax/net/ssl/SSLException done
Event: 525.195 loading class java/lang/AssertionError
Event: 525.195 loading class java/lang/AssertionError done
Event: 525.198 Thread 0x00007f9768428470 Thread exited: 0x00007f9768428470
Event: 525.198 Thread 0x00007f9760005810 Thread exited: 0x00007f9760005810
Event: 546.762 Thread 0x00007f9768428ca0 Thread exited: 0x00007f9768428ca0
Event: 1912.044 Thread 0x00007f976842e900 Thread exited: 0x00007f976842e900
Event: 2125.862 Thread 0x00007f9740002990 Thread added: 0x00007f9740002990
Event: 2125.862 Protecting memory [0x00007f97a4500000,0x00007f97a4504000] with protection modes 0
Event: 2163.042 Thread 0x00007f9740002990 Thread exited: 0x00007f9740002990
Event: 2521.928 loading class java/lang/Throwable$WrappedPrintWriter
Event: 2535.340 loading class java/lang/Throwable$WrappedPrintWriter done


Dynamic libraries:
e0000000-f4e00000 rw-p 00000000 00:00 0 
f4e00000-f9480000 rw-p 00000000 00:00 0 
f9480000-100000000 ---p 00000000 00:00 0 
800000000-800449000 rw-p 00001000 00:4b4 4611686019135357769             /nix/store/gpxl5qgg8kicmcvivwmybwjlpf7wh20l-graalvm17-ce-22.3.0/lib/server/classes.jsa
800449000-800bc8000 r--p 0044a000 00:4b4 4611686019135357769             /nix/store/gpxl5qgg8kicmcvivwmybwjlpf7wh20l-graalvm17-ce-22.3.0/lib/server/classes.jsa
800bc8000-800c00000 ---p 00000000 00:00 0 
800c00000-800c10000 rw-p 00000000 00:00 0 
800c10000-800c30000 rw-p 00000000 00:00 0 
800c30000-800cb0000 rw-p 00000000 00:00 0 
800cb0000-800cf0000 rw-p 00000000 00:00 0 
800cf0000-800db0000 rw-p 00000000 00:00 0 
800db0000-800df0000 rw-p 00000000 00:00 0 
800df0000-800f30000 rw-p 00000000 00:00 0 
800f30000-800fb0000 rw-p 00000000 00:00 0 
800fb0000-800ff0000 rw-p 00000000 00:00 0 
800ff0000-8011e0000 rw-p 00000000 00:00 0 
8011e0000-840c00000 ---p 00000000 00:00 0 
558a03589000-558a0358a000 r-xp 00000000 00:4b4 4611686019099417844       /nix/store/gpxl5qgg8kicmcvivwmybwjlpf7wh20l-graalvm17-ce-22.3.0/bin/.java-wrapped
558a0358b000-558a0358c000 r--p 00001000 00:4b4 4611686019099417844       /nix/store/gpxl5qgg8kicmcvivwmybwjlpf7wh20l-graalvm17-ce-22.3.0/bin/.java-wrapped
558a0358c000-558a0358d000 rw-p 00002000 00:4b4 4611686019099417844       /nix/store/gpxl5qgg8kicmcvivwmybwjlpf7wh20l-graalvm17-ce-22.3.0/bin/.java-wrapped
558a0358d000-558a0358e000 rw-p 00004000 00:4b4 4611686019099417844       /nix/store/gpxl5qgg8kicmcvivwmybwjlpf7wh20l-graalvm17-ce-22.3.0/bin/.java-wrapped
558a0358e000-558a0358f000 rw-p 00005000 00:4b4 4611686019099417844       /nix/store/gpxl5qgg8kicmcvivwmybwjlpf7wh20l-graalvm17-ce-22.3.0/bin/.java-wrapped
558a03b8e000-558a03bd6000 rw-p 00000000 00:00 0                          [heap]
7f9734000000-7f9734024000 rw-p 00000000 00:00 0 
7f9734024000-7f9738000000 ---p 00000000 00:00 0 
7f973b800000-7f973b990000 rw-p 00000000 00:00 0 
7f973b990000-7f973ba00000 ---p 00000000 00:00 0 
7f973ba00000-7f973baa0000 rw-p 00000000 00:00 0 
7f973baa0000-7f973c000000 ---p 00000000 00:00 0 
7f973c000000-7f973c021000 rw-p 00000000 00:00 0 
7f973c021000-7f9740000000 ---p 00000000 00:00 0 
7f9740000000-7f9740021000 rw-p 00000000 00:00 0 
7f9740021000-7f9744000000 ---p 00000000 00:00 0 
7f9744000000-7f9744021000 rw-p 00000000 00:00 0 
7f9744021000-7f9748000000 ---p 00000000 00:00 0 
7f9748000000-7f974802a000 rw-p 00000000 00:00 0 
7f974802a000-7f974c000000 ---p 00000000 00:00 0 
7f974c000000-7f974c021000 rw-p 00000000 00:00 0 
7f974c021000-7f9750000000 ---p 00000000 00:00 0 
7f9750800000-7f9750970000 rw-p 00000000 00:00 0 
7f9750970000-7f97509f0000 rw-p 00000000 00:00 0 
7f97509f0000-7f9751000000 rw-p 00000000 00:00 0 
7f9751cb3000-7f975b800000 r--s 00000000 00:4b4 4611686019135192581       /nix/store/gpxl5qgg8kicmcvivwmybwjlpf7wh20l-graalvm17-ce-22.3.0/lib/modules
7f975b800000-7f975b8f0000 rw-p 00000000 00:00 0 
7f975b8f0000-7f975b9f0000 rw-p 00000000 00:00 0 
7f975b9f0000-7f975c000000 rw-p 00000000 00:00 0 
7f975c000000-7f975c03a000 rw-p 00000000 00:00 0 
7f975c03a000-7f9760000000 ---p 00000000 00:00 0 
7f9760000000-7f9760021000 rw-p 00000000 00:00 0 
7f9760021000-7f9764000000 ---p 00000000 00:00 0 
7f9764000000-7f9764106000 rw-p 00000000 00:00 0 
7f9764106000-7f9768000000 ---p 00000000 00:00 0 
7f9768000000-7f97684c8000 rw-p 00000000 00:00 0 
7f97684c8000-7f976c000000 ---p 00000000 00:00 0 
7f976c000000-7f976c021000 rw-p 00000000 00:00 0 
7f976c021000-7f9770000000 ---p 00000000 00:00 0 
7f9770000000-7f9770021000 rw-p 00000000 00:00 0 
7f9770021000-7f9774000000 ---p 00000000 00:00 0 
7f9774000000-7f9774169000 rw-p 00000000 00:00 0 
7f9774169000-7f9778000000 ---p 00000000 00:00 0 
7f9778000000-7f977807b000 rw-p 00000000 00:00 0 
7f977807b000-7f977c000000 ---p 00000000 00:00 0 
7f977c000000-7f977c021000 rw-p 00000000 00:00 0 
7f977c021000-7f9780000000 ---p 00000000 00:00 0 
7f9780000000-7f9780329000 rw-p 00000000 00:00 0 
7f9780329000-7f9784000000 ---p 00000000 00:00 0 
7f9784000000-7f9784021000 rw-p 00000000 00:00 0 
7f9784021000-7f9788000000 ---p 00000000 00:00 0 
7f9788000000-7f978818f000 rw-p 00000000 00:00 0 
7f978818f000-7f978c000000 ---p 00000000 00:00 0 
7f978c000000-7f978c8c3000 rw-p 00000000 00:00 0 
7f978c8c3000-7f9790000000 ---p 00000000 00:00 0 
7f9790000000-7f9790026000 rw-p 00000000 00:00 0 
7f9790026000-7f9794000000 ---p 00000000 00:00 0 
7f9794000000-7f9794021000 rw-p 00000000 00:00 0 
7f9794021000-7f9798000000 ---p 00000000 00:00 0 
7f9798000000-7f9798021000 rw-p 00000000 00:00 0 
7f9798021000-7f979c000000 ---p 00000000 00:00 0 
7f979c000000-7f979c021000 rw-p 00000000 00:00 0 
7f979c021000-7f97a0000000 ---p 00000000 00:00 0 
7f97a0000000-7f97a00f0000 rw-p 00000000 00:00 0 
7f97a00f0000-7f97a0170000 rw-p 00000000 00:00 0 
7f97a0170000-7f97a02b0000 rw-p 00000000 00:00 0 
7f97a02b0000-7f97a02f0000 rw-p 00000000 00:00 0 
7f97a02f0000-7f97a04f0000 rw-p 00000000 00:00 0 
7f97a04f0000-7f97a05f0000 rw-p 00000000 00:00 0 
7f97a05f0000-7f97a07f0000 rw-p 00000000 00:00 0 
7f97a07f0000-7f97a08f0000 rw-p 00000000 00:00 0 
7f97a08f0000-7f97a09f0000 rw-p 00000000 00:00 0 
7f97a09f0000-7f97a0fb0000 rw-p 00000000 00:00 0 
7f97a0fb0000-7f97a0ff0000 rw-p 00000000 00:00 0 
7f97a0ff0000-7f97a10f0000 rw-p 00000000 00:00 0 
7f97a10f0000-7f97a11f0000 rw-p 00000000 00:00 0 
7f97a11f0000-7f97a14f0000 rw-p 00000000 00:00 0 
7f97a14f0000-7f97a15f0000 rw-p 00000000 00:00 0 
7f97a15f0000-7f97a1800000 rw-p 00000000 00:00 0 
7f97a1800000-7f97a1810000 r-xp 00000000 00:48e 366                       /home/runner/.cache/jdt-language-server/config/org.eclipse.equinox.launcher/org.eclipse.equinox.launcher.gtk.linux.x86_64_1.2.400.v20211117-0650/eclipse_11600.so
7f97a1810000-7f97a1a0f000 ---p 00010000 00:48e 366                       /home/runner/.cache/jdt-language-server/config/org.eclipse.equinox.launcher/org.eclipse.equinox.launcher.gtk.linux.x86_64_1.2.400.v20211117-0650/eclipse_11600.so
7f97a1a0f000-7f97a1a10000 r--p 0000f000 00:48e 366                       /home/runner/.cache/jdt-language-server/config/org.eclipse.equinox.launcher/org.eclipse.equinox.launcher.gtk.linux.x86_64_1.2.400.v20211117-0650/eclipse_11600.so
7f97a1a10000-7f97a1a11000 rw-p 00010000 00:48e 366                       /home/runner/.cache/jdt-language-server/config/org.eclipse.equinox.launcher/org.eclipse.equinox.launcher.gtk.linux.x86_64_1.2.400.v20211117-0650/eclipse_11600.so
7f97a3100000-7f97a3200000 ---p 00000000 00:00 0 
7f97a3200000-7f97a37af000 r--p 01122000 00:4b4 4611686019135190040       /nix/store/gpxl5qgg8kicmcvivwmybwjlpf7wh20l-graalvm17-ce-22.3.0/lib/libjvmcicompiler.so
7f97a37af000-7f97a3900000 r--p 00000000 00:00 0 
7f97a3900000-7f97a393d000 rw-p 00000000 00:00 0 
7f97a393d000-7f97a3e5d000 rw-p 0185f000 00:4b4 4611686019135190040       /nix/store/gpxl5qgg8kicmcvivwmybwjlpf7wh20l-graalvm17-ce-22.3.0/lib/libjvmcicompiler.so
7f97a3e5d000-7f97a4244000 r--p 01d7f000 00:4b4 4611686019135190040       /nix/store/gpxl5qgg8kicmcvivwmybwjlpf7wh20l-graalvm17-ce-22.3.0/lib/libjvmcicompiler.so
7f97a4300000-7f97a4304000 ---p 00000000 00:00 0 
7f97a4304000-7f97a4400000 rw-p 00000000 00:00 0 
7f97a4400000-7f97a4404000 ---p 00000000 00:00 0 
7f97a4404000-7f97a4500000 rw-p 00000000 00:00 0 
7f97a4500000-7f97a4504000 ---p 00000000 00:00 0 
7f97a4504000-7f97a4600000 rw-p 00000000 00:00 0 
7f97a4600000-7f97a4604000 ---p 00000000 00:00 0 
7f97a4604000-7f97a4700000 rw-p 00000000 00:00 0 
7f97a4700000-7f97a4704000 ---p 00000000 00:00 0 
7f97a4704000-7f97a4800000 rw-p 00000000 00:00 0 
7f97a4900000-7f97a4904000 ---p 00000000 00:00 0 
7f97a4904000-7f97a4a00000 rw-p 00000000 00:00 0 
7f97a4b00000-7f97a4b04000 ---p 00000000 00:00 0 
7f97a4b04000-7f97a4c00000 rw-p 00000000 00:00 0 
7f97a4d00000-7f97a4d04000 ---p 00000000 00:00 0 
7f97a4d04000-7f97a4e00000 rw-p 00000000 00:00 0 
7f97a4f00000-7f97a4f04000 ---p 00000000 00:00 0 
7f97a4f04000-7f97a5000000 rw-p 00000000 00:00 0 
7f97a5000000-7f97a5004000 ---p 00000000 00:00 0 
7f97a5004000-7f97a5100000 rw-p 00000000 00:00 0 
7f97a5100000-7f97a5104000 ---p 00000000 00:00 0 
7f97a5104000-7f97a5200000 rw-p 00000000 00:00 0 
7f97a5300000-7f97a5304000 ---p 00000000 00:00 0 
7f97a5304000-7f97a5400000 rw-p 00000000 00:00 0 
7f97a5400000-7f97a5404000 ---p 00000000 00:00 0 
7f97a5404000-7f97a5500000 rw-p 00000000 00:00 0 
7f97a5500000-7f97a5504000 ---p 00000000 00:00 0 
7f97a5504000-7f97a5600000 rw-p 00000000 00:00 0 
7f97a5700000-7f97a5704000 ---p 00000000 00:00 0 
7f97a5704000-7f97a5800000 rw-p 00000000 00:00 0 
7f97a5900000-7f97a5904000 ---p 00000000 00:00 0 
7f97a5904000-7f97a5a00000 rw-p 00000000 00:00 0 
7f97a5b00000-7f97a5b04000 ---p 00000000 00:00 0 
7f97a5b04000-7f97a5c00000 rw-p 00000000 00:00 0 
7f97a5c00000-7f97a7d6a000 r-xp 00000000 00:4b4 4611686019135190040       /nix/store/gpxl5qgg8kicmcvivwmybwjlpf7wh20l-graalvm17-ce-22.3.0/lib/libjvmcicompiler.so
7f97a7d6a000-7f97a7f69000 ---p 0216a000 00:4b4 4611686019135190040       /nix/store/gpxl5qgg8kicmcvivwmybwjlpf7wh20l-graalvm17-ce-22.3.0/lib/libjvmcicompiler.so
7f97a7f69000-7f97a7f6a000 r--p 02169000 00:4b4 4611686019135190040       /nix/store/gpxl5qgg8kicmcvivwmybwjlpf7wh20l-graalvm17-ce-22.3.0/lib/libjvmcicompiler.so
7f97a7f6a000-7f97a7f6c000 rw-p 0216a000 00:4b4 4611686019135190040       /nix/store/gpxl5qgg8kicmcvivwmybwjlpf7wh20l-graalvm17-ce-22.3.0/lib/libjvmcicompiler.so
7f97a7f6c000-7f97a7f6d000 rw-p 00000000 00:00 0 
7f97a7f6d000-7f97a7f72000 rw-p 023c3000 00:4b4 4611686019135190040       /nix/store/gpxl5qgg8kicmcvivwmybwjlpf7wh20l-graalvm17-ce-22.3.0/lib/libjvmcicompiler.so
7f97a8000000-7f97a8021000 rw-p 00000000 00:00 0 
7f97a8021000-7f97ac000000 ---p 00000000 00:00 0 
7f97ac000000-7f97ac021000 rw-p 00000000 00:00 0 
7f97ac021000-7f97b0000000 ---p 00000000 00:00 0 
7f97b0000000-7f97b0021000 rw-p 00000000 00:00 0 
7f97b0021000-7f97b4000000 ---p 00000000 00:00 0 
7f97b4000000-7f97b4021000 rw-p 00000000 00:00 0 
7f97b4021000-7f97b8000000 ---p 00000000 00:00 0 
7f97b8000000-7f97b80cd000 rw-p 00000000 00:00 0 
7f97b80cd000-7f97bc000000 ---p 00000000 00:00 0 
7f97bc000000-7f97bc87e000 rw-p 00000000 00:00 0 
7f97bc87e000-7f97c0000000 ---p 00000000 00:00 0 
7f97c0000000-7f97c0021000 rw-p 00000000 00:00 0 
7f97c0021000-7f97c4000000 ---p 00000000 00:00 0 
7f97c4000000-7f97c4021000 rw-p 00000000 00:00 0 
7f97c4021000-7f97c8000000 ---p 00000000 00:00 0 
7f97c8000000-7f97c8021000 rw-p 00000000 00:00 0 
7f97c8021000-7f97cc000000 ---p 00000000 00:00 0 
7f97cc000000-7f97cc021000 rw-p 00000000 00:00 0 
7f97cc021000-7f97d0000000 ---p 00000000 00:00 0 
7f97d0000000-7f97d0021000 rw-p 00000000 00:00 0 
7f97d0021000-7f97d4000000 ---p 00000000 00:00 0 
7f97d4000000-7f97d4021000 rw-p 00000000 00:00 0 
7f97d4021000-7f97d8000000 ---p 00000000 00:00 0 
7f97d8000000-7f97d807e000 rw-p 00000000 00:00 0 
7f97d807e000-7f97dc000000 ---p 00000000 00:00 0 
7f97dc000000-7f97dc004000 ---p 00000000 00:00 0 
7f97dc004000-7f97dc100000 rw-p 00000000 00:00 0 
7f97dc100000-7f97dc104000 ---p 00000000 00:00 0 
7f97dc104000-7f97dc200000 rw-p 00000000 00:00 0 
7f97dc200000-7f97dc204000 ---p 00000000 00:00 0 
7f97dc204000-7f97dc300000 rw-p 00000000 00:00 0 
7f97dc300000-7f97dc304000 ---p 00000000 00:00 0 
7f97dc304000-7f97dc400000 rw-p 00000000 00:00 0 
7f97dc400000-7f97dc404000 ---p 00000000 00:00 0 
7f97dc404000-7f97dc500000 rw-p 00000000 00:00 0 
7f97dcf68000-7f97dd400000 rw-p 00000000 00:00 0 
7f97dd500000-7f97dd504000 ---p 00000000 00:00 0 
7f97dd504000-7f97dd600000 rw-p 00000000 00:00 0 
7f97dd716000-7f97dd717000 ---p 00000000 00:00 0 
7f97dd717000-7f97dd818000 rw-p 00000000 00:00 0 
7f97dd818000-7f97dd81c000 ---p 00000000 00:00 0 
7f97dd81c000-7f97dd918000 rw-p 00000000 00:00 0 
7f97dd918000-7f97dd91c000 ---p 00000000 00:00 0 
7f97dd91c000-7f97dda18000 rw-p 00000000 00:00 0 
7f97dda18000-7f97dda1c000 ---p 00000000 00:00 0 
7f97dda1c000-7f97ddb18000 rw-p 00000000 00:00 0 
7f97ddb18000-7f97ddb1c000 ---p 00000000 00:00 0 
7f97ddb1c000-7f97ddd18000 rw-p 00000000 00:00 0 
7f97ddd18000-7f97ddd1c000 ---p 00000000 00:00 0 
7f97ddd1c000-7f97ddf18000 rw-p 00000000 00:00 0 
7f97ddf18000-7f97ddf1c000 ---p 00000000 00:00 0 
7f97ddf1c000-7f97de018000 rw-p 00000000 00:00 0 
7f97de018000-7f97de01c000 ---p 00000000 00:00 0 
7f97de01c000-7f97de118000 rw-p 00000000 00:00 0 
7f97de118000-7f97de11c000 ---p 00000000 00:00 0 
7f97de11c000-7f97de218000 rw-p 00000000 00:00 0 
7f97de218000-7f97de4fe000 r--p 00000000 00:448 28444448                  /usr/lib/locale/locale-archive
7f97de4fe000-7f97de502000 ---p 00000000 00:00 0 
7f97de502000-7f97de5fe000 rw-p 00000000 00:00 0 
7f97de5fe000-7f97de602000 ---p 00000000 00:00 0 
7f97de602000-7f97de6fe000 rw-p 00000000 00:00 0 
7f97de6fe000-7f97de6ff000 ---p 00000000 00:00 0 
7f97de6ff000-7f97debf0000 rw-p 00000000 00:00 0 
7f97debf0000-7f97deef0000 rw-p 00000000 00:00 0 
7f97deef0000-7f97df000000 rw-p 00000000 00:00 0 
7f97df04c000-7f97df050000 ---p 00000000 00:00 0 
7f97df050000-7f97df06e000 rw-p 00000000 00:00 0 
7f97df06e000-7f97df075000 r-xp 00000000 00:4b4 4611686019135192580       /nix/store/gpxl5qgg8kicmcvivwmybwjlpf7wh20l-graalvm17-ce-22.3.0/lib/libzip.so
7f97df075000-7f97df076000 ---p 00007000 00:4b4 4611686019135192580       /nix/store/gpxl5qgg8kicmcvivwmybwjlpf7wh20l-graalvm17-ce-22.3.0/lib/libzip.so
7f97df076000-7f97df077000 r--p 00007000 00:4b4 4611686019135192580       /nix/store/gpxl5qgg8kicmcvivwmybwjlpf7wh20l-graalvm17-ce-22.3.0/lib/libzip.so
7f97df077000-7f97df078000 rw-p 00008000 00:4b4 4611686019135192580       /nix/store/gpxl5qgg8kicmcvivwmybwjlpf7wh20l-graalvm17-ce-22.3.0/lib/libzip.so
7f97df078000-7f97df07a000 rw-p 0000b000 00:4b4 4611686019135192580       /nix/store/gpxl5qgg8kicmcvivwmybwjlpf7wh20l-graalvm17-ce-22.3.0/lib/libzip.so
7f97df07a000-7f97df08f000 r-xp 00000000 00:4b4 4611686019135192570       /nix/store/gpxl5qgg8kicmcvivwmybwjlpf7wh20l-graalvm17-ce-22.3.0/lib/libnet.so
7f97df08f000-7f97df090000 ---p 00015000 00:4b4 4611686019135192570       /nix/store/gpxl5qgg8kicmcvivwmybwjlpf7wh20l-graalvm17-ce-22.3.0/lib/libnet.so
7f97df090000-7f97df091000 r--p 00015000 00:4b4 4611686019135192570       /nix/store/gpxl5qgg8kicmcvivwmybwjlpf7wh20l-graalvm17-ce-22.3.0/lib/libnet.so
7f97df091000-7f97df092000 rw-p 00016000 00:4b4 4611686019135192570       /nix/store/gpxl5qgg8kicmcvivwmybwjlpf7wh20l-graalvm17-ce-22.3.0/lib/libnet.so
7f97df092000-7f97df095000 rw-p 0001b000 00:4b4 4611686019135192570       /nix/store/gpxl5qgg8kicmcvivwmybwjlpf7wh20l-graalvm17-ce-22.3.0/lib/libnet.so
7f97df095000-7f97df0a8000 r-xp 00000000 00:4b4 4611686019135192571       /nix/store/gpxl5qgg8kicmcvivwmybwjlpf7wh20l-graalvm17-ce-22.3.0/lib/libnio.so
7f97df0a8000-7f97df0a9000 r--p 00012000 00:4b4 4611686019135192571       /nix/store/gpxl5qgg8kicmcvivwmybwjlpf7wh20l-graalvm17-ce-22.3.0/lib/libnio.so
7f97df0a9000-7f97df0aa000 rw-p 00013000 00:4b4 4611686019135192571       /nix/store/gpxl5qgg8kicmcvivwmybwjlpf7wh20l-graalvm17-ce-22.3.0/lib/libnio.so
7f97df0aa000-7f97df0af000 rw-p 00019000 00:4b4 4611686019135192571       /nix/store/gpxl5qgg8kicmcvivwmybwjlpf7wh20l-graalvm17-ce-22.3.0/lib/libnio.so
7f97df0af000-7f97df4b3000 rw-p 00000000 00:00 0 
7f97df4b3000-7f97df723000 rwxp 00000000 00:00 0 
7f97df723000-7f97dfa42000 ---p 00000000 00:00 0 
7f97dfa42000-7f97e08e2000 rwxp 00000000 00:00 0 
7f97e08e2000-7f97e6f7a000 ---p 00000000 00:00 0 
7f97e6f7a000-7f97e722a000 rwxp 00000000 00:00 0 
7f97e722a000-7f97ee4b3000 ---p 00000000 00:00 0 
7f97ee4b3000-7f97f8000000 r--s 00000000 00:4b4 4611686019135192581       /nix/store/gpxl5qgg8kicmcvivwmybwjlpf7wh20l-graalvm17-ce-22.3.0/lib/modules
7f97f8000000-7f97f8601000 rw-p 00000000 00:00 0 
7f97f8601000-7f97fc000000 ---p 00000000 00:00 0 
7f97fc004000-7f97fc006000 r-xp 00000000 00:4b4 4611686019135190017       /nix/store/gpxl5qgg8kicmcvivwmybwjlpf7wh20l-graalvm17-ce-22.3.0/lib/libextnet.so
7f97fc006000-7f97fc007000 r--p 00001000 00:4b4 4611686019135190017       /nix/store/gpxl5qgg8kicmcvivwmybwjlpf7wh20l-graalvm17-ce-22.3.0/lib/libextnet.so
7f97fc007000-7f97fc008000 rw-p 00002000 00:4b4 4611686019135190017       /nix/store/gpxl5qgg8kicmcvivwmybwjlpf7wh20l-graalvm17-ce-22.3.0/lib/libextnet.so
7f97fc008000-7f97fc009000 rw-p 00004000 00:4b4 4611686019135190017       /nix/store/gpxl5qgg8kicmcvivwmybwjlpf7wh20l-graalvm17-ce-22.3.0/lib/libextnet.so
7f97fc009000-7f97fc0d7000 r-xp 00000000 00:4b4 4611686019135190036       /nix/store/gpxl5qgg8kicmcvivwmybwjlpf7wh20l-graalvm17-ce-22.3.0/lib/libjsvml.so
7f97fc0d7000-7f97fc0d8000 r--p 000cd000 00:4b4 4611686019135190036       /nix/store/gpxl5qgg8kicmcvivwmybwjlpf7wh20l-graalvm17-ce-22.3.0/lib/libjsvml.so
7f97fc0d8000-7f97fc0d9000 rw-p 000ce000 00:4b4 4611686019135190036       /nix/store/gpxl5qgg8kicmcvivwmybwjlpf7wh20l-graalvm17-ce-22.3.0/lib/libjsvml.so
7f97fc0d9000-7f97fd5ad000 rw-p 00000000 00:00 0 
7f97fd5ad000-7f97fd5ae000 ---p 00000000 00:00 0 
7f97fd5ae000-7f97fd756000 rw-p 00000000 00:00 0 
7f97fd756000-7f97fd77a000 rw-p 00000000 00:00 0 
7f97fd77a000-7f97fd7af000 ---p 00000000 00:00 0 
7f97fd7af000-7f97fd7b6000 rw-p 00000000 00:00 0 
7f97fd7b6000-7f97fd89b000 ---p 00000000 00:00 0 
7f97fd89b000-7f97fd8b9000 rw-p 00000000 00:00 0 
7f97fd8b9000-7f97fd986000 ---p 00000000 00:00 0 
7f97fd986000-7f97fd98b000 rw-p 00000000 00:00 0 
7f97fd98b000-7f97fd992000 ---p 00000000 00:00 0 
7f97fd992000-7f97fd9b6000 r-xp 00000000 00:4b4 4611686019135190028       /nix/store/gpxl5qgg8kicmcvivwmybwjlpf7wh20l-graalvm17-ce-22.3.0/lib/libjava.so
7f97fd9b6000-7f97fd9b7000 ---p 00024000 00:4b4 4611686019135190028       /nix/store/gpxl5qgg8kicmcvivwmybwjlpf7wh20l-graalvm17-ce-22.3.0/lib/libjava.so
7f97fd9b7000-7f97fd9b8000 r--p 00024000 00:4b4 4611686019135190028       /nix/store/gpxl5qgg8kicmcvivwmybwjlpf7wh20l-graalvm17-ce-22.3.0/lib/libjava.so
7f97fd9b8000-7f97fd9b9000 rw-p 00025000 00:4b4 4611686019135190028       /nix/store/gpxl5qgg8kicmcvivwmybwjlpf7wh20l-graalvm17-ce-22.3.0/lib/libjava.so
7f97fd9b9000-7f97fd9ba000 rw-p 00000000 00:00 0 
7f97fd9ba000-7f97fd9c1000 rw-p 0002f000 00:4b4 4611686019135190028       /nix/store/gpxl5qgg8kicmcvivwmybwjlpf7wh20l-graalvm17-ce-22.3.0/lib/libjava.so
7f97fd9c1000-7f97fd9c9000 rw-s 00000000 00:1b5 361                       /tmp/hsperfdata_runner/29
7f97fd9c9000-7f97fd9ca000 ---p 00000000 00:00 0 
7f97fd9ca000-7f97fd9cb000 r--p 00000000 00:00 0 
7f97fd9cb000-7f97fd9cc000 rwxp 00000000 00:00 0 
7f97fd9cc000-7f97fd9e7000 r-xp 00000000 00:4b4 4611686019135190032       /nix/store/gpxl5qgg8kicmcvivwmybwjlpf7wh20l-graalvm17-ce-22.3.0/lib/libjimage.so
7f97fd9e7000-7f97fd9e8000 ---p 0001b000 00:4b4 4611686019135190032       /nix/store/gpxl5qgg8kicmcvivwmybwjlpf7wh20l-graalvm17-ce-22.3.0/lib/libjimage.so
7f97fd9e8000-7f97fd9ea000 r--p 0001b000 00:4b4 4611686019135190032       /nix/store/gpxl5qgg8kicmcvivwmybwjlpf7wh20l-graalvm17-ce-22.3.0/lib/libjimage.so
7f97fd9ea000-7f97fd9eb000 rw-p 0001d000 00:4b4 4611686019135190032       /nix/store/gpxl5qgg8kicmcvivwmybwjlpf7wh20l-graalvm17-ce-22.3.0/lib/libjimage.so
7f97fd9eb000-7f97fd9ec000 rw-p 00024000 00:4b4 4611686019135190032       /nix/store/gpxl5qgg8kicmcvivwmybwjlpf7wh20l-graalvm17-ce-22.3.0/lib/libjimage.so
7f97fd9ec000-7f97fd9f0000 ---p 00000000 00:00 0 
7f97fd9f0000-7f97fdaec000 rw-p 00000000 00:00 0 
7f97fdaec000-7f97fdafa000 r--p 00000000 00:4b4 4611686019027979927       /nix/store/4nlgxhb09sdr51nc9hdm8az5b08vzkgx-glibc-2.35-163/lib/libm.so.6
7f97fdafa000-7f97fdb6d000 r-xp 0000e000 00:4b4 4611686019027979927       /nix/store/4nlgxhb09sdr51nc9hdm8az5b08vzkgx-glibc-2.35-163/lib/libm.so.6
7f97fdb6d000-7f97fdbca000 r--p 00081000 00:4b4 4611686019027979927       /nix/store/4nlgxhb09sdr51nc9hdm8az5b08vzkgx-glibc-2.35-163/lib/libm.so.6
7f97fdbca000-7f97fdbcb000 r--p 000dd000 00:4b4 4611686019027979927       /nix/store/4nlgxhb09sdr51nc9hdm8az5b08vzkgx-glibc-2.35-163/lib/libm.so.6
7f97fdbcb000-7f97fdbcc000 rw-p 000de000 00:4b4 4611686019027979927       /nix/store/4nlgxhb09sdr51nc9hdm8az5b08vzkgx-glibc-2.35-163/lib/libm.so.6
7f97fdbcc000-7f97fdbcd000 r--p 00000000 00:4b4 4611686019027979946       /nix/store/4nlgxhb09sdr51nc9hdm8az5b08vzkgx-glibc-2.35-163/lib/librt.so.1
7f97fdbcd000-7f97fdbce000 r-xp 00001000 00:4b4 4611686019027979946       /nix/store/4nlgxhb09sdr51nc9hdm8az5b08vzkgx-glibc-2.35-163/lib/librt.so.1
7f97fdbce000-7f97fdbcf000 r--p 00002000 00:4b4 4611686019027979946       /nix/store/4nlgxhb09sdr51nc9hdm8az5b08vzkgx-glibc-2.35-163/lib/librt.so.1
7f97fdbcf000-7f97fdbd0000 r--p 00002000 00:4b4 4611686019027979946       /nix/store/4nlgxhb09sdr51nc9hdm8az5b08vzkgx-glibc-2.35-163/lib/librt.so.1
7f97fdbd0000-7f97fdbd1000 rw-p 00003000 00:4b4 4611686019027979946       /nix/store/4nlgxhb09sdr51nc9hdm8az5b08vzkgx-glibc-2.35-163/lib/librt.so.1
7f97fdbd1000-7f97fece4000 r-xp 00000000 00:4b4 4611686019135360866       /nix/store/gpxl5qgg8kicmcvivwmybwjlpf7wh20l-graalvm17-ce-22.3.0/lib/server/libjvm.so
7f97fece4000-7f97fece5000 ---p 01113000 00:4b4 4611686019135360866       /nix/store/gpxl5qgg8kicmcvivwmybwjlpf7wh20l-graalvm17-ce-22.3.0/lib/server/libjvm.so
7f97fece5000-7f97fed9a000 r--p 01113000 00:4b4 4611686019135360866       /nix/store/gpxl5qgg8kicmcvivwmybwjlpf7wh20l-graalvm17-ce-22.3.0/lib/server/libjvm.so
7f97fed9a000-7f97fedce000 rw-p 011c8000 00:4b4 4611686019135360866       /nix/store/gpxl5qgg8kicmcvivwmybwjlpf7wh20l-graalvm17-ce-22.3.0/lib/server/libjvm.so
7f97fedce000-7f97fee2a000 rw-p 00000000 00:00 0 
7f97fee2a000-7f97fee52000 r--p 00000000 00:4b4 4611686019027979918       /nix/store/4nlgxhb09sdr51nc9hdm8az5b08vzkgx-glibc-2.35-163/lib/libc.so.6
7f97fee52000-7f97fefc8000 r-xp 00028000 00:4b4 4611686019027979918       /nix/store/4nlgxhb09sdr51nc9hdm8az5b08vzkgx-glibc-2.35-163/lib/libc.so.6
7f97fefc8000-7f97ff020000 r--p 0019e000 00:4b4 4611686019027979918       /nix/store/4nlgxhb09sdr51nc9hdm8az5b08vzkgx-glibc-2.35-163/lib/libc.so.6
7f97ff020000-7f97ff024000 r--p 001f6000 00:4b4 4611686019027979918       /nix/store/4nlgxhb09sdr51nc9hdm8az5b08vzkgx-glibc-2.35-163/lib/libc.so.6
7f97ff024000-7f97ff026000 rw-p 001fa000 00:4b4 4611686019027979918       /nix/store/4nlgxhb09sdr51nc9hdm8az5b08vzkgx-glibc-2.35-163/lib/libc.so.6
7f97ff026000-7f97ff035000 rw-p 00000000 00:00 0 
7f97ff035000-7f97ff036000 r--p 00000000 00:4b4 4611686019027979923       /nix/store/4nlgxhb09sdr51nc9hdm8az5b08vzkgx-glibc-2.35-163/lib/libdl.so.2
7f97ff036000-7f97ff037000 r-xp 00001000 00:4b4 4611686019027979923       /nix/store/4nlgxhb09sdr51nc9hdm8az5b08vzkgx-glibc-2.35-163/lib/libdl.so.2
7f97ff037000-7f97ff038000 r--p 00002000 00:4b4 4611686019027979923       /nix/store/4nlgxhb09sdr51nc9hdm8az5b08vzkgx-glibc-2.35-163/lib/libdl.so.2
7f97ff038000-7f97ff039000 r--p 00002000 00:4b4 4611686019027979923       /nix/store/4nlgxhb09sdr51nc9hdm8az5b08vzkgx-glibc-2.35-163/lib/libdl.so.2
7f97ff039000-7f97ff03a000 rw-p 00003000 00:4b4 4611686019027979923       /nix/store/4nlgxhb09sdr51nc9hdm8az5b08vzkgx-glibc-2.35-163/lib/libdl.so.2
7f97ff03a000-7f97ff03b000 r--p 00000000 00:4b4 4611686019027979942       /nix/store/4nlgxhb09sdr51nc9hdm8az5b08vzkgx-glibc-2.35-163/lib/libpthread.so.0
7f97ff03b000-7f97ff03c000 r-xp 00001000 00:4b4 4611686019027979942       /nix/store/4nlgxhb09sdr51nc9hdm8az5b08vzkgx-glibc-2.35-163/lib/libpthread.so.0
7f97ff03c000-7f97ff03d000 r--p 00002000 00:4b4 4611686019027979942       /nix/store/4nlgxhb09sdr51nc9hdm8az5b08vzkgx-glibc-2.35-163/lib/libpthread.so.0
7f97ff03d000-7f97ff03e000 r--p 00002000 00:4b4 4611686019027979942       /nix/store/4nlgxhb09sdr51nc9hdm8az5b08vzkgx-glibc-2.35-163/lib/libpthread.so.0
7f97ff03e000-7f97ff03f000 rw-p 00003000 00:4b4 4611686019027979942       /nix/store/4nlgxhb09sdr51nc9hdm8az5b08vzkgx-glibc-2.35-163/lib/libpthread.so.0
7f97ff03f000-7f97ff04d000 r-xp 00000000 00:4b4 4611686019135190033       /nix/store/gpxl5qgg8kicmcvivwmybwjlpf7wh20l-graalvm17-ce-22.3.0/lib/libjli.so
7f97ff04d000-7f97ff04e000 ---p 0000e000 00:4b4 4611686019135190033       /nix/store/gpxl5qgg8kicmcvivwmybwjlpf7wh20l-graalvm17-ce-22.3.0/lib/libjli.so
7f97ff04e000-7f97ff04f000 r--p 0000e000 00:4b4 4611686019135190033       /nix/store/gpxl5qgg8kicmcvivwmybwjlpf7wh20l-graalvm17-ce-22.3.0/lib/libjli.so
7f97ff04f000-7f97ff050000 rw-p 0000f000 00:4b4 4611686019135190033       /nix/store/gpxl5qgg8kicmcvivwmybwjlpf7wh20l-graalvm17-ce-22.3.0/lib/libjli.so
7f97ff050000-7f97ff051000 rw-p 00012000 00:4b4 4611686019135190033       /nix/store/gpxl5qgg8kicmcvivwmybwjlpf7wh20l-graalvm17-ce-22.3.0/lib/libjli.so
7f97ff051000-7f97ff054000 r--p 00000000 00:4b4 4611686019106210071       /nix/store/026hln0aq1hyshaxsdvhg0kmcm6yf45r-zlib-1.2.13/lib/libz.so.1.2.13
7f97ff054000-7f97ff066000 r-xp 00003000 00:4b4 4611686019106210071       /nix/store/026hln0aq1hyshaxsdvhg0kmcm6yf45r-zlib-1.2.13/lib/libz.so.1.2.13
7f97ff066000-7f97ff06d000 r--p 00015000 00:4b4 4611686019106210071       /nix/store/026hln0aq1hyshaxsdvhg0kmcm6yf45r-zlib-1.2.13/lib/libz.so.1.2.13
7f97ff06d000-7f97ff06e000 r--p 0001b000 00:4b4 4611686019106210071       /nix/store/026hln0aq1hyshaxsdvhg0kmcm6yf45r-zlib-1.2.13/lib/libz.so.1.2.13
7f97ff06e000-7f97ff06f000 rw-p 0001c000 00:4b4 4611686019106210071       /nix/store/026hln0aq1hyshaxsdvhg0kmcm6yf45r-zlib-1.2.13/lib/libz.so.1.2.13
7f97ff06f000-7f97ff071000 rw-p 00000000 00:00 0 
7f97ff071000-7f97ff073000 r--p 00000000 00:4b4 4611686019027979912       /nix/store/4nlgxhb09sdr51nc9hdm8az5b08vzkgx-glibc-2.35-163/lib/ld-linux-x86-64.so.2
7f97ff073000-7f97ff09a000 r-xp 00002000 00:4b4 4611686019027979912       /nix/store/4nlgxhb09sdr51nc9hdm8az5b08vzkgx-glibc-2.35-163/lib/ld-linux-x86-64.so.2
7f97ff09a000-7f97ff0a6000 r--p 00029000 00:4b4 4611686019027979912       /nix/store/4nlgxhb09sdr51nc9hdm8az5b08vzkgx-glibc-2.35-163/lib/ld-linux-x86-64.so.2
7f97ff0a6000-7f97ff0a8000 r--p 00034000 00:4b4 4611686019027979912       /nix/store/4nlgxhb09sdr51nc9hdm8az5b08vzkgx-glibc-2.35-163/lib/ld-linux-x86-64.so.2
7f97ff0a8000-7f97ff0aa000 rw-p 00036000 00:4b4 4611686019027979912       /nix/store/4nlgxhb09sdr51nc9hdm8az5b08vzkgx-glibc-2.35-163/lib/ld-linux-x86-64.so.2
7ffcdd874000-7ffcdd898000 rw-p 00000000 00:00 0                          [stack]
7ffcdd8fe000-7ffcdd902000 r--p 00000000 00:00 0                          [vvar]
7ffcdd902000-7ffcdd904000 r-xp 00000000 00:00 0                          [vdso]
ffffffffff600000-ffffffffff601000 --xp 00000000 00:00 0                  [vsyscall]


VM Arguments:
jvm_args: -XX:ThreadPriorityPolicy=1 -XX:+UnlockExperimentalVMOptions -XX:+EnableJVMCIProduct -XX:JVMCIThreadsPerNativeLibraryRuntime=1 -XX:-UnlockExperimentalVMOptions -Declipse.application=org.eclipse.jdt.ls.core.id1 -Dosgi.bundles.defaultStartLevel=4 -Declipse.product=org.eclipse.jdt.ls.core.product -Dlog.level=ALL -Xverify:none -XX:+UseParallelGC -XX:GCTimeRatio=4 -XX:AdaptiveSizePolicyWeight=90 -Dsun.zip.disableMemoryMapping=true -Xmx512m -Xms100m 
java_command: /nix/store/a7s9klvriqi68xz3qjc0qyfl5h86xc16-jdt-language-server-1.9.0/share/java/plugins/org.eclipse.equinox.launcher_1.6.400.v20210924-0641.jar --add-modules=ALL-SYSTEM --add-opens java.base/java.util=ALL-UNNAMED --add-opens java.base/java.lang=ALL-UNNAMED -configuration /home/runner/.cache/jdt-language-server/config -data /home/runner/.cache/jdt-language-server/data/home/runner/Assignment5
java_class_path (initial): /nix/store/a7s9klvriqi68xz3qjc0qyfl5h86xc16-jdt-language-server-1.9.0/share/java/plugins/org.eclipse.equinox.launcher_1.6.400.v20210924-0641.jar
Launcher Type: SUN_STANDARD

[Global flags]
    uintx AdaptiveSizePolicyWeight                 = 90                                        {product} {command line}
     intx CICompilerCount                          = 2                                         {product} {ergonomic}
     bool EnableJVMCIProduct                       = true                                {JVMCI product} {jimage}
    uintx GCTimeRatio                              = 4                                         {product} {command line}
   size_t InitialHeapSize                          = 104857600                                 {product} {command line}
     uint JVMCIThreadsPerNativeLibraryRuntime      = 1                                   {JVMCI product} {jimage}
   size_t MaxHeapSize                              = 536870912                                 {product} {command line}
   size_t MaxNewSize                               = 178782208                                 {product} {ergonomic}
   size_t MinHeapDeltaBytes                        = 524288                                    {product} {ergonomic}
   size_t MinHeapSize                              = 104857600                                 {product} {command line}
   size_t NewSize                                  = 34603008                                  {product} {ergonomic}
    uintx NonNMethodCodeHeapSize                   = 5826188                                {pd product} {ergonomic}
    uintx NonProfiledCodeHeapSize                  = 122916026                              {pd product} {ergonomic}
   size_t OldSize                                  = 70254592                                  {product} {ergonomic}
    uintx ProfiledCodeHeapSize                     = 122916026                              {pd product} {ergonomic}
    uintx ReservedCodeCacheSize                    = 251658240                              {pd product} {ergonomic}
     bool SegmentedCodeCache                       = true                                      {product} {ergonomic}
   size_t SoftMaxHeapSize                          = 536870912                              {manageable} {ergonomic}
     intx ThreadPriorityPolicy                     = 1                                         {product} {jimage}
     bool UseCompressedClassPointers               = true                           {product lp64_product} {ergonomic}
     bool UseCompressedOops                        = true                           {product lp64_product} {ergonomic}
     bool UseParallelGC                            = true                                      {product} {command line}

Logging:
Log output configuration:
 #0: stdout all=warning uptime,level,tags
 #1: stderr all=off uptime,level,tags

Environment Variables:
JAVA_HOME=/nix/store/gpxl5qgg8kicmcvivwmybwjlpf7wh20l-graalvm17-ce-22.3.0
PATH=/nix/store/1d6ian3r8kdzspw8hacjhl3xkp40g1lj-binutils-wrapper-2.39/bin:/nix/store/dq0xwmsk1g0i2ayg6pb7y87na2knzylh-gcc-wrapper-11.3.0/bin:/nix/store/bap4d0lpcrhpwmpb8ayjcgkmvfj62lnq-bash-interactive-5.1-p16/bin:/nix/store/pr5n59mb4jzmfx6kanwxly0l07p861fg-patchelf-0.15.0/bin:/nix/store/1gf2flfqnpqbr1b4p4qz2f72y42bs56r-gcc-11.3.0/bin:/nix/store/57xv61c5zi8pphjbcwxxjlgc34p61ic9-glibc-2.35-163-bin/bin:/nix/store/a7gvj343m05j2s32xcnwr35v31ynlypr-coreutils-9.1/bin:/nix/store/039g378vc3pc3dvi9dzdlrd0i4q93qwf-binutils-2.39/bin:/nix/store/gpxl5qgg8kicmcvivwmybwjlpf7wh20l-graalvm17-ce-22.3.0/bin:/nix/store/6z9ag3ihc8mq2hzsw48lhbznvzny65nz-apache-maven-3.8.6/bin:/nix/store/a7s9klvriqi68xz3qjc0qyfl5h86xc16-jdt-language-server-1.9.0/bin:/nix/store/48ifl2w60a3zp7yskbpnvn8jp9jdsb7k-java-debug/bin:/nix/store/mydc6f4k2z73xlcz7ilif3v2lcaiqvza-findutils-4.9.0/bin:/nix/store/j9p3g8472iijd50vhdprx0nmk2fqn5gv-diffutils-3.8/bin:/nix/store/89zs7rms6x00xfq4dq6m7mjnhkr8a6r4-gnused-4.8/bin:/nix/store/86bp03jkmsl6f92w0yzg4s59g5mhxwmy-gnugrep-3.7/bin:/nix/store/hwcdqw4jrjnd37wxqgsd47hd0j8bnj09-gawk-5.1.1/bin:/nix/store/cfbhw8r8ags41vwqaz47r583d0p4h4a1-gnutar-1.34/bin:/nix/store/p3m1ndl1lapwrlh698bnb5lvvxh67378-gzip-1.12/bin:/nix/store/a8mhcagrsly7c7mpjrpsnaahk4aax056-bzip2-1.0.8-bin/bin:/nix/store/mblgz65m3zv9x548a3d5m96fj2pbwr09-gnumake-4.3/bin:/nix/store/dsd5gz46hdbdk2rfdimqddhq6m8m8fqs-bash-5.1-p16/bin:/nix/store/v7ljksji50mg3w61dykaa3n3y79n6nil-patch-2.7.6/bin:/nix/store/zlcnmqq14jz5x9439jf937mvayyl63da-xz-5.2.7-bin/bin:/nix/store/y6aj732zm9m87c82fpvf103a1xb22blp-file-5.43/bin:/nix/store/i4kzir3m7mrisxmf5xvlnkw01x4qaqr4-prybar-elisp-0.0.0-e0d9a52/bin:/nix/store/lwwivxf6h7x3cvxp9zv8sj0mv7dak99r-prybar-lua-0.0.0-e0d9a52/bin:/nix/store/gxj28g1cg4hq3qanmjv07156h800qr58-prybar-python3-0.0.0-e0d9a52/bin:/nix/store/hshkjnxrgidigf8x75vg6lqng2xlx9i3-prybar-sqlite-0.0.0-e0d9a52/bin:/nix/store/c4w01bpjgyy5ixmwdk8m1pw87zq4sl26-prybar-tcl-0.0.0-e0d9a52/bin:/nix/store/hpbvrlwd5viqmvcaisb3x0118i913a9n-st
LD_LIBRARY_PATH=/nix/store/a4pff549sk2idnkpzk5nsfps3mdkdnvm-cups-2.4.2-lib/lib:/nix/store/72mqxxhh3cy5yifh92wh2yb8cl2hikyy-cairo-1.16.0/lib:/nix/store/2k366jrbsra97gjfxwvrhvixjfxdach5-glib-2.74.1/lib:/nix/store/2j2znigd8ak37rlwh9khz0ry3clqlw1l-gtk+3-3.24.34/lib:/nix/store/hisqvx32cd57apbpcsnkpx6k3549wql1-libglvnd-1.4.0/lib:/nix/store/p36pgcv991mq5srvg765b78yqpxvk3qs-mesa-21.3.3-drivers/lib:/nix/store/mav4251if1ahjq5vkpwycyyvnmy459c4-pulseaudio-14.2/lib
DISPLAY=:0
LANG=en_US.UTF-8

Signal Handlers:
   SIGSEGV: crash_handler in libjvm.so, mask=11100100010111111101111111111110, flags=SA_RESTART|SA_SIGINFO
    SIGBUS: crash_handler in libjvm.so, mask=11100100010111111101111111111110, flags=SA_RESTART|SA_SIGINFO
    SIGFPE: crash_handler in libjvm.so, mask=11100100010111111101111111111110, flags=SA_RESTART|SA_SIGINFO
   SIGPIPE: IsolateEnterStub_IgnoreSIGPIPEStartupHook_noopSignalHandler_8f19bff2f35b5f630d83b364d6b2339320d4ec70_216e8361c6bc87a8f89f58cc10d3b2fd4415bf87 in libjvmcicompiler.so, mask=00000000000000000000000000000000, flags=SA_RESTART
  *** Handler was modified!
  *** Expected: javaSignalHandler in libjvm.so, mask=11100100110111111111111111111110, flags=SA_RESTART|SA_SIGINFO
   SIGXFSZ: javaSignalHandler in libjvm.so, mask=11100100010111111101111111111110, flags=SA_RESTART|SA_SIGINFO
    SIGILL: crash_handler in libjvm.so, mask=11100100010111111101111111111110, flags=SA_RESTART|SA_SIGINFO
   SIGUSR2: SR_handler in libjvm.so, mask=00000000000000000000000000000000, flags=SA_RESTART|SA_SIGINFO
    SIGHUP: UserHandler in libjvm.so, mask=11100100010111111101111111111110, flags=SA_RESTART|SA_SIGINFO
    SIGINT: UserHandler in libjvm.so, mask=11100100010111111101111111111110, flags=SA_RESTART|SA_SIGINFO
   SIGTERM: UserHandler in libjvm.so, mask=11100100010111111101111111111110, flags=SA_RESTART|SA_SIGINFO
   SIGQUIT: UserHandler in libjvm.so, mask=11100100010111111101111111111110, flags=SA_RESTART|SA_SIGINFO
  *** Handler was modified!
  *** Expected: javaSignalHandler in libjvm.so, mask=11100100110111111111111111111110, flags=SA_RESTART|SA_SIGINFO
   SIGTRAP: crash_handler in libjvm.so, mask=11100100010111111101111111111110, flags=SA_RESTART|SA_SIGINFO


---------------  S Y S T E M  ---------------

OS:
DISTRIB_ID=Ubuntu
DISTRIB_RELEASE=20.04
DISTRIB_CODENAME=focal
DISTRIB_DESCRIPTION="Ubuntu 20.04.2 LTS"
uname: Linux 6.2.0-1014-gcp #14~22.04.1-Ubuntu SMP Mon Sep 11 07:44:43 UTC 2023 x86_64
OS uptime: 0 days 5:42 hours
libc: glibc 2.35 NPTL 2.35 
rlimit (soft/hard): STACK 8192k/infinity , CORE infinity/infinity , NPROC infinity/infinity , NOFILE 5242/5242 , AS infinity/infinity , CPU infinity/infinity , DATA infinity/infinity , FSIZE infinity/infinity , MEMLOCK 8192k/8192k
load average: 21.71 27.06 30.97

/proc/meminfo:
MemTotal:       65835948 kB
MemFree:        38091244 kB
MemAvailable:   46463732 kB
Buffers:         1320352 kB
Cached:          6809892 kB
SwapCached:            0 kB
Active:          5107028 kB
Inactive:       20597644 kB
Active(anon):      16356 kB
Inactive(anon): 17497128 kB
Active(file):    5090672 kB
Inactive(file):  3100516 kB
Unevictable:       28464 kB
Mlocked:           28464 kB
SwapTotal:             0 kB
SwapFree:              0 kB
Zswap:                 0 kB
Zswapped:              0 kB
Dirty:              4244 kB
Writeback:             0 kB
AnonPages:      16469628 kB
Mapped:          1501392 kB
Shmem:             53880 kB
KReclaimable:     907752 kB
Slab:            1362844 kB
SReclaimable:     907752 kB
SUnreclaim:       455092 kB
KernelStack:      128960 kB
PageTables:       217516 kB
SecPageTables:         0 kB
NFS_Unstable:          0 kB
Bounce:                0 kB
WritebackTmp:          0 kB
CommitLimit:    32917972 kB
Committed_AS:   49202196 kB
VmallocTotal:   34359738367 kB
VmallocUsed:      154736 kB
VmallocChunk:          0 kB
Percpu:            26432 kB
HardwareCorrupted:     0 kB
AnonHugePages:   2689024 kB
ShmemHugePages:        0 kB
ShmemPmdMapped:        0 kB
FileHugePages:         0 kB
FilePmdMapped:         0 kB
HugePages_Total:       0
HugePages_Free:        0
HugePages_Rsvd:        0
HugePages_Surp:        0
Hugepagesize:       2048 kB
Hugetlb:               0 kB
DirectMap4k:      299832 kB
DirectMap2M:    26959872 kB
DirectMap1G:    41943040 kB

/sys/kernel/mm/transparent_hugepage/enabled: always [madvise] never
/sys/kernel/mm/transparent_hugepage/defrag (defrag/compaction efforts parameter): always defer defer+madvise [madvise] never

Process Memory:
Virtual Size: 4789884K (peak: 4869948K)
Resident Set Size: 712180K (peak: 794160K) (anon: 557312K, file: 154868K, shmem: 0K)
Swapped out: 0K
C-Heap outstanding allocations: 42696K, retained: 10867K
glibc malloc tunables: (default)

/proc/sys/kernel/threads-max (system-wide limit on the number of threads): 514278
/proc/sys/vm/max_map_count (maximum number of memory map areas a process may have): 65530
/proc/sys/kernel/pid_max (system-wide limit on number of process identifiers): 4194304

container (cgroup) information:
container_type: cgroupv2
cpu_cpuset_cpus: not supported
cpu_memory_nodes: not supported
active_processor_count: 1
cpu_quota: 50000
cpu_period: 100000
cpu_shares: no shares
memory_limit_in_bytes: 1048576 k
memory_and_swap_limit_in_bytes: unlimited
memory_soft_limit_in_bytes: 524288 k
memory_usage_in_bytes: 610776 k
memory_max_usage_in_bytes: not supported
maximum number of tasks: not supported
current number of tasks: not supported

KVM virtualization detected
Steal ticks since vm start: 6059
Steal ticks percentage since vm start:  0.003

CPU: total 8 (initial active 1) (4 cores per cpu, 2 threads per core) family 6 model 79 stepping 0 microcode 0xffffffff, cx8, cmov, fxsr, ht, mmx, 3dnowpref, sse, sse2, sse3, ssse3, sse4.1, sse4.2, popcnt, lzcnt, tsc, tscinvbit, avx, avx2, aes, erms, clmul, bmi1, bmi2, rtm, adx, fma, vzeroupper, clflush, hv
CPU Model and flags from /proc/cpuinfo:
model name	: Intel(R) Xeon(R) CPU @ 2.20GHz
flags		: fpu vme de pse tsc msr pae mce cx8 apic sep mtrr pge mca cmov pat pse36 clflush mmx fxsr sse sse2 ss ht syscall nx pdpe1gb rdtscp lm constant_tsc rep_good nopl xtopology nonstop_tsc cpuid tsc_known_freq pni pclmulqdq ssse3 fma cx16 pcid sse4_1 sse4_2 x2apic movbe popcnt aes xsave avx f16c rdrand hypervisor lahf_lm abm 3dnowprefetch invpcid_single pti ssbd ibrs ibpb stibp fsgsbase tsc_adjust bmi1 hle avx2 smep bmi2 erms invpcid rtm rdseed adx smap xsaveopt arat md_clear arch_capabilities

Online cpus: 0-7
Offline cpus: 
BIOS frequency limitation: <Not Available>
Frequency switch latency (ns): <Not Available>
Available cpu frequencies: <Not Available>
Current governor: <Not Available>
Core performance/turbo boost: <Not Available>

Memory: 4k page, physical 1048576k(437796k free), swap 0k(0k free)
Page Sizes: 4k

vm_info: OpenJDK 64-Bit Server VM (17.0.5+8-jvmci-22.3-b08) for linux-amd64 JRE (17.0.5+8-jvmci-22.3-b08), built on Oct 19 2022 09:01:27 by "buildslave" with gcc 10.3.0

END.
